2025-05-21 20:30:19,316 - 开始数据检查 - 检查期间: 2024-05-21 到 2025-05-21
2025-05-21 20:30:19,316 - 目标日期: 2025-05-21
2025-05-21 20:30:19,317 - 
检查信号: CreditSpread_9M
2025-05-21 20:30:19,328 - 文件 ChinaDevelopmentBankBonds.csv 数据不完整: 缺少以下日期: ['2025-05-21']
2025-05-21 20:30:19,337 - 文件 ChinaMediumTermNotes.csv 数据不完整: 缺少以下日期: ['2025-05-21']
2025-05-21 20:30:19,338 - 信号 CreditSpread_9M 检查完成，状态: error

2025-05-21 20:30:19,338 - 
检查信号: CreditSpread_5Y
2025-05-21 20:30:19,348 - 文件 ChinaDevelopmentBankBonds.csv 数据不完整: 缺少以下日期: ['2025-05-21']
2025-05-21 20:30:19,358 - 文件 ChinaMediumTermNotes.csv 数据不完整: 缺少以下日期: ['2025-05-21']
2025-05-21 20:30:19,358 - 信号 CreditSpread_5Y 检查完成，状态: error

2025-05-21 20:30:19,358 - 
检查信号: Shibor_2W
2025-05-21 20:30:19,367 - 文件 Shibor.csv 数据不完整: 缺少以下日期: ['2025-05-21']
2025-05-21 20:30:19,367 - 信号 Shibor_2W 检查完成，状态: error

2025-05-21 20:30:19,368 - 
检查信号: Shibor_9M
2025-05-21 20:30:19,376 - 文件 Shibor.csv 数据不完整: 缺少以下日期: ['2025-05-21']
2025-05-21 20:30:19,377 - 信号 Shibor_9M 检查完成，状态: error

2025-05-21 20:30:19,377 - 
检查信号: Bond_3Y
2025-05-21 20:30:19,386 - 文件 ChinaGovernmentBonds.csv 数据不完整: 缺少以下日期: ['2025-05-21']
2025-05-21 20:30:19,386 - 信号 Bond_3Y 检查完成，状态: error

2025-05-21 20:30:19,386 - 
检查信号: Bond_10Y
2025-05-21 20:30:19,395 - 文件 ChinaGovernmentBonds.csv 数据不完整: 缺少以下日期: ['2025-05-21']
2025-05-21 20:30:19,395 - 信号 Bond_10Y 检查完成，状态: error

2025-05-21 20:30:19,396 - 
检查信号: USDX
2025-05-21 20:30:19,404 - 文件 UsDollar.csv 数据不完整: 缺少以下日期: ['2025-05-21']
2025-05-21 20:30:19,404 - 信号 USDX 检查完成，状态: error

2025-05-21 20:30:19,405 - 
检查信号: TermSpread_9Y
2025-05-21 20:30:19,414 - 文件 ChinaDevelopmentBankBonds.csv 数据不完整: 缺少以下日期: ['2025-05-21']
2025-05-21 20:30:19,414 - 信号 TermSpread_9Y 检查完成，状态: error

2025-05-21 20:30:19,415 - 
检查信号: M1M2
2025-05-21 20:30:19,425 - 文件 M1M2.csv 数据不完整: 缺少以下日期: ['2025-05-21']
2025-05-21 20:30:19,425 - 信号 M1M2 检查完成，状态: error

2025-05-21 20:30:19,426 - 
检查信号: RelativeVolume_std
2025-05-21 20:30:19,438 - 文件 IndexVolume.csv 数据不完整: 缺少以下日期: ['2025-05-21']
2025-05-21 20:30:19,438 - 信号 RelativeVolume_std 检查完成，状态: error

2025-05-21 20:30:19,439 - 
检查信号: RelativeReturn_std
2025-05-21 20:30:19,483 - 文件 index_return.csv 数据不完整: 缺少以下日期: ['2025-05-21']
2025-05-21 20:30:19,484 - 信号 RelativeReturn_std 检查完成，状态: error

2025-05-21 20:30:19,484 - 
检查信号: EarningsYield_Reverse
2025-05-21 20:30:19,497 - 文件 ygData.csv 数据完整
2025-05-21 20:30:19,497 - 信号 EarningsYield_Reverse 检查完成，状态: normal

2025-05-21 20:30:19,498 - 
检查信号数据: EarningsYield_Reverse_1D_9_combine
2025-05-21 20:30:19,498 - 数据路径: D:\Signal\signal_boost\prod\EarningsYield_Reverse_1D_9_combine
2025-05-21 20:30:19,808 - 所有工作日数据完整
2025-05-21 20:30:19,809 - 最新数据日期: 2025-05-21
2025-05-21 20:30:19,809 - 信号 EarningsYield_Reverse_1D_9_combine 检查完成，状态: normal

2025-05-21 21:49:58,778 - 开始数据检查 - 检查期间: 2024-05-21 到 2025-05-21
2025-05-21 21:49:58,778 - 目标日期: 2025-05-21
2025-05-21 21:49:58,825 - 
检查信号: CreditSpread_9M
2025-05-21 21:49:58,837 - 文件 ChinaDevelopmentBankBonds.csv 数据完整
2025-05-21 21:49:58,864 - 文件 ChinaMediumTermNotes.csv 数据完整
2025-05-21 21:49:58,870 - 信号 CreditSpread_9M 检查完成，状态: normal

2025-05-21 21:49:58,870 - 
检查信号数据: CreditSpread_9M_1D_9_combine
2025-05-21 21:49:58,870 - 数据路径: D:\Signal\signal_boost\prod\CreditSpread_9M_1D_9_combine
2025-05-21 21:49:59,178 - 所有工作日数据完整
2025-05-21 21:49:59,178 - 最新数据日期: 2025-05-21
2025-05-21 21:49:59,194 - 信号 CreditSpread_9M_1D_9_combine 检查完成，状态: normal

2025-05-21 21:50:04,673 - 
检查信号: CreditSpread_5Y
2025-05-21 21:50:04,683 - 文件 ChinaDevelopmentBankBonds.csv 数据完整
2025-05-21 21:50:04,693 - 文件 ChinaMediumTermNotes.csv 数据完整
2025-05-21 21:50:04,693 - 信号 CreditSpread_5Y 检查完成，状态: normal

2025-05-21 21:50:04,693 - 
检查信号数据: CreditSpread_5Y_1D_9_combine
2025-05-21 21:50:04,693 - 数据路径: D:\Signal\signal_boost\prod\CreditSpread_5Y_1D_9_combine
2025-05-21 21:50:05,012 - 所有工作日数据完整
2025-05-21 21:50:05,012 - 最新数据日期: 2025-05-21
2025-05-21 21:50:05,013 - 信号 CreditSpread_5Y_1D_9_combine 检查完成，状态: normal

2025-05-21 21:50:10,388 - 
检查信号: Shibor_2W
2025-05-21 21:50:10,397 - 文件 Shibor.csv 数据完整
2025-05-21 21:50:10,397 - 信号 Shibor_2W 检查完成，状态: normal

2025-05-21 21:50:10,398 - 
检查信号数据: Shibor_2W_45D_9_combine
2025-05-21 21:50:10,399 - 数据路径: D:\Signal\signal_boost\prod\Shibor_2W_45D_9_combine
2025-05-21 21:50:10,694 - 所有工作日数据完整
2025-05-21 21:50:10,694 - 最新数据日期: 2025-05-21
2025-05-21 21:50:10,696 - 信号 Shibor_2W_45D_9_combine 检查完成，状态: normal

2025-05-21 21:50:17,828 - 
检查信号: Shibor_9M
2025-05-21 21:50:17,838 - 文件 Shibor.csv 数据完整
2025-05-21 21:50:17,838 - 信号 Shibor_9M 检查完成，状态: normal

2025-05-21 21:50:17,838 - 
检查信号数据: Shibor_9M_45D_9_combine
2025-05-21 21:50:17,839 - 数据路径: D:\Signal\signal_boost\prod\Shibor_9M_45D_9_combine
2025-05-21 21:50:18,134 - 所有工作日数据完整
2025-05-21 21:50:18,134 - 最新数据日期: 2025-05-21
2025-05-21 21:50:18,136 - 信号 Shibor_9M_45D_9_combine 检查完成，状态: normal

2025-05-21 21:50:23,985 - 
检查信号: Bond_3Y
2025-05-21 21:50:23,993 - 文件 ChinaGovernmentBonds.csv 数据完整
2025-05-21 21:50:23,994 - 信号 Bond_3Y 检查完成，状态: normal

2025-05-21 21:50:23,994 - 
检查信号数据: Bond_3Y_90D_9_combine
2025-05-21 21:50:23,994 - 数据路径: D:\Signal\signal_boost\prod\Bond_3Y_90D_9_combine
2025-05-21 21:50:24,283 - 所有工作日数据完整
2025-05-21 21:50:24,283 - 最新数据日期: 2025-05-21
2025-05-21 21:50:24,285 - 信号 Bond_3Y_90D_9_combine 检查完成，状态: normal

