2025-05-11 17:57:16,638 - 开始数据检查 - 检查期间: 2024-05-09 到 2025-05-09
2025-05-11 17:57:16,638 - 目标日期: 2025-05-09
2025-05-11 17:57:16,641 - 
检查信号: CreditSpread_9M
2025-05-11 17:57:16,653 - 文件 ChinaDevelopmentBankBonds.csv 数据完整
2025-05-11 17:57:16,663 - 文件 ChinaMediumTermNotes.csv 数据完整
2025-05-11 17:57:16,663 - 信号 CreditSpread_9M 检查完成，状态: normal

2025-05-11 17:57:16,663 - 
检查信号数据: CreditSpread_9M_1D_9_combine
2025-05-11 17:57:16,663 - 数据路径: D:\Signal\signal_boost\prod\CreditSpread_9M_1D_9_combine
2025-05-11 17:57:16,969 - 所有工作日数据完整
2025-05-11 17:57:16,969 - 最新数据日期: 2025-05-09
2025-05-11 17:57:16,970 - 信号 CreditSpread_9M_1D_9_combine 检查完成，状态: normal

2025-05-11 17:57:22,373 - 
检查信号: CreditSpread_5Y
2025-05-11 17:57:22,384 - 文件 ChinaDevelopmentBankBonds.csv 数据完整
2025-05-11 17:57:22,393 - 文件 ChinaMediumTermNotes.csv 数据完整
2025-05-11 17:57:22,393 - 信号 CreditSpread_5Y 检查完成，状态: normal

2025-05-11 17:57:22,394 - 
检查信号数据: CreditSpread_5Y_1D_9_combine
2025-05-11 17:57:22,394 - 数据路径: D:\Signal\signal_boost\prod\CreditSpread_5Y_1D_9_combine
2025-05-11 17:57:22,702 - 所有工作日数据完整
2025-05-11 17:57:22,703 - 最新数据日期: 2025-05-09
2025-05-11 17:57:22,703 - 信号 CreditSpread_5Y_1D_9_combine 检查完成，状态: normal

2025-05-11 17:57:27,976 - 
检查信号: Shibor_2W
2025-05-11 17:57:27,986 - 文件 Shibor.csv 数据完整
2025-05-11 17:57:27,986 - 信号 Shibor_2W 检查完成，状态: normal

2025-05-11 17:57:27,987 - 
检查信号数据: Shibor_2W_45D_9_combine
2025-05-11 17:57:27,988 - 数据路径: D:\Signal\signal_boost\prod\Shibor_2W_45D_9_combine
2025-05-11 17:57:28,277 - 所有工作日数据完整
2025-05-11 17:57:28,278 - 最新数据日期: 2025-05-09
2025-05-11 17:57:28,279 - 信号 Shibor_2W_45D_9_combine 检查完成，状态: normal

2025-05-11 17:57:35,361 - 
检查信号: Shibor_9M
2025-05-11 17:57:35,371 - 文件 Shibor.csv 数据完整
2025-05-11 17:57:35,371 - 信号 Shibor_9M 检查完成，状态: normal

2025-05-11 17:57:35,371 - 
检查信号数据: Shibor_9M_45D_9_combine
2025-05-11 17:57:35,372 - 数据路径: D:\Signal\signal_boost\prod\Shibor_9M_45D_9_combine
2025-05-11 17:57:35,661 - 所有工作日数据完整
2025-05-11 17:57:35,662 - 最新数据日期: 2025-05-09
2025-05-11 17:57:35,663 - 信号 Shibor_9M_45D_9_combine 检查完成，状态: normal

2025-05-11 17:57:41,463 - 
检查信号: Bond_3Y
2025-05-11 17:57:41,472 - 文件 ChinaGovernmentBonds.csv 数据完整
2025-05-11 17:57:41,473 - 信号 Bond_3Y 检查完成，状态: normal

2025-05-11 17:57:41,473 - 
检查信号数据: Bond_3Y_90D_9_combine
2025-05-11 17:57:41,473 - 数据路径: D:\Signal\signal_boost\prod\Bond_3Y_90D_9_combine
2025-05-11 17:57:41,758 - 所有工作日数据完整
2025-05-11 17:57:41,758 - 最新数据日期: 2025-05-09
2025-05-11 17:57:41,759 - 信号 Bond_3Y_90D_9_combine 检查完成，状态: normal

2025-05-11 17:57:49,088 - 
检查信号: Bond_10Y
2025-05-11 17:57:49,098 - 文件 ChinaGovernmentBonds.csv 数据完整
2025-05-11 17:57:49,098 - 信号 Bond_10Y 检查完成，状态: normal

2025-05-11 17:57:49,098 - 
检查信号数据: Bond_10Y_90D_9_combine
2025-05-11 17:57:49,098 - 数据路径: D:\Signal\signal_boost\prod\Bond_10Y_90D_9_combine
2025-05-11 17:57:49,382 - 所有工作日数据完整
2025-05-11 17:57:49,382 - 最新数据日期: 2025-05-09
2025-05-11 17:57:49,383 - 信号 Bond_10Y_90D_9_combine 检查完成，状态: normal

2025-05-11 17:57:56,583 - 
检查信号: USDX
2025-05-11 17:57:56,592 - 文件 UsDollar.csv 数据完整
2025-05-11 17:57:56,592 - 信号 USDX 检查完成，状态: normal

2025-05-11 17:57:56,593 - 
检查信号数据: USDX_120D_9_combine
2025-05-11 17:57:56,594 - 数据路径: D:\Signal\signal_boost\prod\USDX_120D_9_combine
2025-05-11 17:57:56,871 - 所有工作日数据完整
2025-05-11 17:57:56,871 - 最新数据日期: 2025-05-09
2025-05-11 17:57:56,872 - 信号 USDX_120D_9_combine 检查完成，状态: normal

2025-05-11 17:58:04,319 - 
检查信号: TermSpread_9Y
2025-05-11 17:58:04,330 - 文件 ChinaDevelopmentBankBonds.csv 数据完整
2025-05-11 17:58:04,330 - 信号 TermSpread_9Y 检查完成，状态: normal

2025-05-11 17:58:04,331 - 
检查信号数据: TermSpread_9Y_120D_9_combine
2025-05-11 17:58:04,331 - 数据路径: D:\Signal\signal_boost\prod\TermSpread_9Y_120D_9_combine
2025-05-11 17:58:04,606 - 所有工作日数据完整
2025-05-11 17:58:04,606 - 最新数据日期: 2025-05-09
2025-05-11 17:58:04,607 - 信号 TermSpread_9Y_120D_9_combine 检查完成，状态: normal

2025-05-11 17:58:11,917 - 
检查信号: M1M2
2025-05-11 17:58:11,928 - 文件 M1M2.csv 数据完整
2025-05-11 17:58:11,928 - 信号 M1M2 检查完成，状态: normal

2025-05-11 17:58:11,929 - 
检查信号数据: M1M2_90D_9_combine
2025-05-11 17:58:11,929 - 数据路径: D:\Signal\signal_boost\prod\M1M2_90D_9_combine
2025-05-11 17:58:12,203 - 所有工作日数据完整
2025-05-11 17:58:12,203 - 最新数据日期: 2025-05-09
2025-05-11 17:58:12,204 - 信号 M1M2_90D_9_combine 检查完成，状态: normal

2025-05-11 17:58:19,469 - 
检查信号: RelativeVolume_std
2025-05-11 17:58:19,482 - 文件 IndexVolume.csv 数据完整
2025-05-11 17:58:19,482 - 信号 RelativeVolume_std 检查完成，状态: normal

2025-05-11 17:58:19,483 - 
检查信号数据: RelativeVolume_std_20D_9_combine
2025-05-11 17:58:19,483 - 数据路径: D:\Signal\signal_boost\prod\RelativeVolume_std_20D_9_combine
2025-05-11 17:58:19,794 - 所有工作日数据完整
2025-05-11 17:58:19,795 - 最新数据日期: 2025-05-09
2025-05-11 17:58:19,796 - 信号 RelativeVolume_std_20D_9_combine 检查完成，状态: normal

2025-05-11 17:58:25,293 - 
检查信号: RelativeReturn_std
2025-05-11 17:58:25,316 - 文件 index_return.csv 数据完整
2025-05-11 17:58:25,316 - 信号 RelativeReturn_std 检查完成，状态: normal

2025-05-11 17:58:25,317 - 
检查信号数据: RelativeReturn_std_20D_9_combine
2025-05-11 17:58:25,317 - 数据路径: D:\Signal\signal_boost\prod\RelativeReturn_std_20D_9_combine
2025-05-11 17:58:25,641 - 所有工作日数据完整
2025-05-11 17:58:25,641 - 最新数据日期: 2025-05-09
2025-05-11 17:58:25,642 - 信号 RelativeReturn_std_20D_9_combine 检查完成，状态: normal

2025-05-11 17:58:31,221 - 
检查信号: EarningsYield_Reverse
2025-05-11 17:58:31,235 - 文件 ygData.csv 数据完整
2025-05-11 17:58:31,235 - 信号 EarningsYield_Reverse 检查完成，状态: normal

2025-05-11 17:58:31,236 - 
检查信号数据: EarningsYield_Reverse_1D_9_combine
2025-05-11 17:58:31,236 - 数据路径: D:\Signal\signal_boost\prod\EarningsYield_Reverse_1D_9_combine
2025-05-11 17:58:31,541 - 所有工作日数据完整
2025-05-11 17:58:31,541 - 最新数据日期: 2025-05-09
2025-05-11 17:58:31,542 - 信号 EarningsYield_Reverse_1D_9_combine 检查完成，状态: normal

2025-05-11 17:58:36,704 - 
检查信号: Growth
2025-05-11 17:58:36,718 - 文件 ygData.csv 数据完整
2025-05-11 17:58:36,718 - 信号 Growth 检查完成，状态: normal

2025-05-11 17:58:36,719 - 
检查信号数据: Growth_1D_9_combine
2025-05-11 17:58:36,719 - 数据路径: D:\Signal\signal_boost\prod\Growth_1D_9_combine
2025-05-11 17:58:37,023 - 所有工作日数据完整
2025-05-11 17:58:37,023 - 最新数据日期: 2025-05-09
2025-05-11 17:58:37,024 - 信号 Growth_1D_9_combine 检查完成，状态: normal

2025-05-11 17:58:42,211 - 
检查信号: LHBProportion
2025-05-11 17:58:42,220 - 文件 LHB_AMT_proportion.csv 数据完整
2025-05-11 17:58:42,234 - 文件 IndexAmt.csv 数据完整
2025-05-11 17:58:42,234 - 信号 LHBProportion 检查完成，状态: normal

2025-05-11 17:58:42,235 - 
检查信号数据: LHBProportion_1D_9_combine
2025-05-11 17:58:42,235 - 数据路径: D:\Signal\signal_boost\prod\LHBProportion_1D_9_combine
2025-05-11 17:58:42,542 - 所有工作日数据完整
2025-05-11 17:58:42,542 - 最新数据日期: 2025-05-09
2025-05-11 17:58:42,543 - 信号 LHBProportion_1D_9_combine 检查完成，状态: normal

2025-05-11 17:58:47,730 - 
检查信号: NLBP_difference
2025-05-11 17:58:47,739 - 文件 NetLeverageBuying.csv 数据完整
2025-05-11 17:58:47,739 - 信号 NLBP_difference 检查完成，状态: normal

2025-05-11 17:58:47,739 - 
检查信号数据: NLBP_difference_1D_9_combine
2025-05-11 17:58:47,739 - 数据路径: D:\Signal\signal_boost\prod\NLBP_difference_1D_9_combine
2025-05-11 17:58:48,055 - 所有工作日数据完整
2025-05-11 17:58:48,055 - 最新数据日期: 2025-05-09
2025-05-11 17:58:48,056 - 信号 NLBP_difference_1D_9_combine 检查完成，状态: normal

2025-05-11 17:58:53,260 - 
检查信号: LargeOrder_difference
2025-05-11 17:58:53,270 - 文件 LargeOrderInflow.csv 数据完整
2025-05-11 17:58:53,270 - 信号 LargeOrder_difference 检查完成，状态: normal

2025-05-11 17:58:53,270 - 
检查信号数据: LargeOrder_difference_1D_9_combine
2025-05-11 17:58:53,270 - 数据路径: D:\Signal\signal_boost\prod\LargeOrder_difference_1D_9_combine
2025-05-11 17:58:53,556 - 所有工作日数据完整
2025-05-11 17:58:53,557 - 最新数据日期: 2025-05-09
2025-05-11 17:58:53,558 - 信号 LargeOrder_difference_1D_9_combine 检查完成，状态: normal

2025-05-11 17:58:57,752 - 
检查信号: Monthly_effect
2025-05-11 17:58:57,775 - 文件 index_return.csv 数据完整
2025-05-11 17:58:57,775 - 信号 Monthly_effect 检查完成，状态: normal

2025-05-11 17:58:57,776 - 
检查信号数据: Monthly_effect_1D_9_combine
2025-05-11 17:58:57,776 - 数据路径: D:\Signal\signal_boost\prod\Monthly_effect_1D_9_combine
2025-05-11 17:58:58,102 - 所有工作日数据完整
2025-05-11 17:58:58,102 - 最新数据日期: 2025-05-09
2025-05-11 17:58:58,103 - 信号 Monthly_effect_1D_9_combine 检查完成，状态: normal

2025-05-11 17:59:06,713 - 
检查信号: CPI
2025-05-11 17:59:06,725 - 文件 CPI.csv 数据完整
2025-05-11 17:59:06,725 - 信号 CPI 检查完成，状态: normal

2025-05-11 17:59:06,725 - 
检查信号数据: CPI_1D_9_combine
2025-05-11 17:59:06,725 - 数据路径: D:\Signal\signal_boost\prod\CPI_1D_9_combine
2025-05-11 17:59:07,043 - 所有工作日数据完整
2025-05-11 17:59:07,043 - 最新数据日期: 2025-05-09
2025-05-11 17:59:07,044 - 信号 CPI_1D_9_combine 检查完成，状态: normal

2025-05-11 17:59:12,778 - 
检查信号: PPI
2025-05-11 17:59:12,789 - 文件 PPI.csv 数据完整
2025-05-11 17:59:12,789 - 信号 PPI 检查完成，状态: normal

2025-05-11 17:59:12,789 - 
检查信号数据: PPI_1D_9_combine
2025-05-11 17:59:12,790 - 数据路径: D:\Signal\signal_boost\prod\PPI_1D_9_combine
2025-05-11 17:59:13,111 - 所有工作日数据完整
2025-05-11 17:59:13,111 - 最新数据日期: 2025-05-09
2025-05-11 17:59:13,112 - 信号 PPI_1D_9_combine 检查完成，状态: normal

2025-05-11 17:59:18,895 - 
检查信号: PMI
2025-05-11 17:59:18,905 - 文件 PMI.csv 数据完整
2025-05-11 17:59:18,906 - 信号 PMI 检查完成，状态: normal

2025-05-11 17:59:18,906 - 
检查信号数据: PMI_1D_9_combine
2025-05-11 17:59:18,906 - 数据路径: D:\Signal\signal_boost\prod\PMI_1D_9_combine
2025-05-11 17:59:19,225 - 所有工作日数据完整
2025-05-11 17:59:19,225 - 最新数据日期: 2025-05-09
2025-05-11 17:59:19,227 - 信号 PMI_1D_9_combine 检查完成，状态: normal

2025-05-11 17:59:24,946 - 
检查信号: Stock_HL
2025-05-11 17:59:27,249 - 文件 stock_close.csv 数据完整
2025-05-11 17:59:27,249 - 信号 Stock_HL 检查完成，状态: normal

2025-05-11 17:59:27,250 - 
检查信号数据: Stock_HL_1D_9_combine
2025-05-11 17:59:27,250 - 数据路径: D:\Signal\signal_boost\prod\Stock_HL_1D_9_combine
2025-05-11 17:59:27,529 - 所有工作日数据完整
2025-05-11 17:59:27,529 - 最新数据日期: 2025-05-09
2025-05-11 17:59:27,530 - 信号 Stock_HL_1D_9_combine 检查完成，状态: normal

2025-05-11 17:59:56,263 - 
检查信号: Rsi_difference
2025-05-11 17:59:58,575 - 文件 stock_close.csv 数据完整
2025-05-11 17:59:58,575 - 信号 Rsi_difference 检查完成，状态: normal

2025-05-11 17:59:58,576 - 
检查信号数据: Rsi_difference_1D_9_combine
2025-05-11 17:59:58,577 - 数据路径: D:\Signal\signal_boost\prod\Rsi_difference_1D_9_combine
2025-05-11 17:59:58,866 - 所有工作日数据完整
2025-05-11 17:59:58,866 - 最新数据日期: 2025-05-09
2025-05-11 17:59:58,868 - 信号 Rsi_difference_1D_9_combine 检查完成，状态: normal

2025-05-11 18:00:27,852 - 
检查信号: RaisingTrend_proportion
2025-05-11 18:00:30,167 - 文件 stock_close.csv 数据完整
2025-05-11 18:00:30,167 - 信号 RaisingTrend_proportion 检查完成，状态: normal

2025-05-11 18:00:30,169 - 
检查信号数据: RaisingTrend_proportion_1D_9_combine
2025-05-11 18:00:30,169 - 数据路径: D:\Signal\signal_boost\prod\RaisingTrend_proportion_1D_9_combine
2025-05-11 18:00:30,427 - 所有工作日数据完整
2025-05-11 18:00:30,427 - 最新数据日期: 2025-05-09
2025-05-11 18:00:30,429 - 信号 RaisingTrend_proportion_1D_9_combine 检查完成，状态: normal

2025-05-11 18:00:47,259 - 
检查信号: TargetIndex_MACD
2025-05-11 18:00:47,283 - 文件 index_return.csv 数据完整
2025-05-11 18:00:47,283 - 信号 TargetIndex_MACD 检查完成，状态: normal

2025-05-11 18:00:47,284 - 
检查信号数据: TargetIndex_MACD_1D_9_combine
2025-05-11 18:00:47,284 - 数据路径: D:\Signal\signal_boost\prod\TargetIndex_MACD_1D_9_combine
2025-05-11 18:00:47,607 - 所有工作日数据完整
2025-05-11 18:00:47,607 - 最新数据日期: 2025-05-09
2025-05-11 18:00:47,608 - 信号 TargetIndex_MACD_1D_9_combine 检查完成，状态: normal

2025-05-11 18:00:53,034 - 
检查信号: TargetIndex_BBANDS
2025-05-11 18:00:53,057 - 文件 index_return.csv 数据完整
2025-05-11 18:00:53,057 - 信号 TargetIndex_BBANDS 检查完成，状态: normal

2025-05-11 18:00:53,058 - 
检查信号数据: TargetIndex_BBANDS_1D_9_combine
2025-05-11 18:00:53,058 - 数据路径: D:\Signal\signal_boost\prod\TargetIndex_BBANDS_1D_9_combine
2025-05-11 18:00:53,380 - 所有工作日数据完整
2025-05-11 18:00:53,381 - 最新数据日期: 2025-05-09
2025-05-11 18:00:53,382 - 信号 TargetIndex_BBANDS_1D_9_combine 检查完成，状态: normal

2025-05-11 18:00:58,788 - 
检查信号: TargetIndex_MOMENTUM
2025-05-11 18:00:58,811 - 文件 index_return.csv 数据完整
2025-05-11 18:00:58,811 - 信号 TargetIndex_MOMENTUM 检查完成，状态: normal

2025-05-11 18:00:58,813 - 
检查信号数据: TargetIndex_MOMENTUM_1D_9_combine
2025-05-11 18:00:58,813 - 数据路径: D:\Signal\signal_boost\prod\TargetIndex_MOMENTUM_1D_9_combine
2025-05-11 18:00:59,135 - 所有工作日数据完整
2025-05-11 18:00:59,136 - 最新数据日期: 2025-05-09
2025-05-11 18:00:59,137 - 信号 TargetIndex_MOMENTUM_1D_9_combine 检查完成，状态: normal

2025-05-11 18:01:04,537 - 
检查信号: TargetIndex_PSA
2025-05-11 18:01:04,551 - 文件 IndexClose.csv 数据完整
2025-05-11 18:01:04,564 - 文件 IndexHigh.csv 数据完整
2025-05-11 18:01:04,578 - 文件 IndexLow.csv 数据完整
2025-05-11 18:01:04,578 - 信号 TargetIndex_PSA 检查完成，状态: normal

2025-05-11 18:01:04,579 - 
检查信号数据: TargetIndex_PSA_1D_9_combine
2025-05-11 18:01:04,579 - 数据路径: D:\Signal\signal_boost\prod\TargetIndex_PSA_1D_9_combine
2025-05-11 18:01:04,906 - 所有工作日数据完整
2025-05-11 18:01:04,906 - 最新数据日期: 2025-05-09
2025-05-11 18:01:04,907 - 信号 TargetIndex_PSA_1D_9_combine 检查完成，状态: normal

2025-05-11 18:01:10,517 - 
检查信号: TargetIndex_MOMENTUM2
2025-05-11 18:01:10,539 - 文件 index_return.csv 数据完整
2025-05-11 18:01:10,539 - 信号 TargetIndex_MOMENTUM2 检查完成，状态: normal

2025-05-11 18:01:10,540 - 
检查信号数据: TargetIndex_MOMENTUM2_1D_9_combine
2025-05-11 18:01:10,541 - 数据路径: D:\Signal\signal_boost\prod\TargetIndex_MOMENTUM2_1D_9_combine
2025-05-11 18:01:10,861 - 所有工作日数据完整
2025-05-11 18:01:10,861 - 最新数据日期: 2025-05-09
2025-05-11 18:01:10,862 - 信号 TargetIndex_MOMENTUM2_1D_9_combine 检查完成，状态: normal

2025-05-11 18:01:17,531 - 
检查信号: TargetIndex_REVERSE
2025-05-11 18:01:17,554 - 文件 index_return.csv 数据完整
2025-05-11 18:01:17,560 - 文件 vix_timeWeight.csv 数据完整
2025-05-11 18:01:17,561 - 信号 TargetIndex_REVERSE 检查完成，状态: normal

2025-05-11 18:01:17,561 - 
检查信号数据: TargetIndex_REVERSE_1D_9_combine
2025-05-11 18:01:17,561 - 数据路径: D:\Signal\signal_boost\prod\TargetIndex_REVERSE_1D_9_combine
2025-05-11 18:01:17,886 - 所有工作日数据完整
2025-05-11 18:01:17,886 - 最新数据日期: 2025-05-09
2025-05-11 18:01:17,888 - 信号 TargetIndex_REVERSE_1D_9_combine 检查完成，状态: normal

2025-05-11 18:01:24,574 - 
检查信号: Future_difference
2025-05-11 18:01:24,582 - 文件 indexFutureDifference.csv 数据完整
2025-05-11 18:01:24,582 - 信号 Future_difference 检查完成，状态: normal

2025-05-11 18:01:24,583 - 
检查信号数据: Future_difference_1D_9_combine
2025-05-11 18:01:24,583 - 数据路径: D:\Signal\signal_boost\prod\Future_difference_1D_9_combine
2025-05-11 18:01:24,855 - 所有工作日数据完整
2025-05-11 18:01:24,855 - 最新数据日期: 2025-05-09
2025-05-11 18:01:24,857 - 信号 Future_difference_1D_9_combine 检查完成，状态: normal

2025-05-11 18:01:29,854 - 
检查信号: RRScore_difference
2025-05-11 18:01:29,862 - 文件 indexrrScoreDifference.csv 数据完整
2025-05-11 18:01:29,863 - 信号 RRScore_difference 检查完成，状态: normal

2025-05-11 18:01:29,863 - 
检查信号数据: RRScore_difference_1D_9_combine
2025-05-11 18:01:29,863 - 数据路径: D:\Signal\signal_boost\prod\RRScore_difference_1D_9_combine
2025-05-11 18:01:30,155 - 所有工作日数据完整
2025-05-11 18:01:30,156 - 最新数据日期: 2025-05-09
2025-05-11 18:01:30,157 - 信号 RRScore_difference_1D_9_combine 检查完成，状态: normal

