2025-05-15 00:00:11,203 - 开始数据检查 - 检查期间: 2024-05-14 到 2025-05-14
2025-05-15 00:00:11,204 - 目标日期: 2025-05-14
2025-05-15 00:00:11,204 - 
检查信号: CreditSpread_9M
2025-05-15 00:00:11,216 - 文件 ChinaDevelopmentBankBonds.csv 数据完整
2025-05-15 00:00:11,225 - 文件 ChinaMediumTermNotes.csv 数据完整
2025-05-15 00:00:11,225 - 信号 CreditSpread_9M 检查完成，状态: normal

2025-05-15 00:00:11,226 - 
检查信号数据: CreditSpread_9M_1D_9_combine
2025-05-15 00:00:11,226 - 数据路径: D:\Signal\signal_boost\prod\CreditSpread_9M_1D_9_combine
2025-05-15 00:00:11,532 - 所有工作日数据完整
2025-05-15 00:00:11,532 - 最新数据日期: 2025-05-15
2025-05-15 00:00:11,533 - 信号 CreditSpread_9M_1D_9_combine 检查完成，状态: normal

2025-05-15 00:00:16,860 - 
检查信号: CreditSpread_5Y
2025-05-15 00:00:16,870 - 文件 ChinaDevelopmentBankBonds.csv 数据完整
2025-05-15 00:00:16,880 - 文件 ChinaMediumTermNotes.csv 数据完整
2025-05-15 00:00:16,880 - 信号 CreditSpread_5Y 检查完成，状态: normal

2025-05-15 00:00:16,880 - 
检查信号数据: CreditSpread_5Y_1D_9_combine
2025-05-15 00:00:16,880 - 数据路径: D:\Signal\signal_boost\prod\CreditSpread_5Y_1D_9_combine
2025-05-15 00:00:17,192 - 所有工作日数据完整
2025-05-15 00:00:17,192 - 最新数据日期: 2025-05-15
2025-05-15 00:00:17,192 - 信号 CreditSpread_5Y_1D_9_combine 检查完成，状态: normal

2025-05-15 00:00:22,371 - 
检查信号: Shibor_2W
2025-05-15 00:00:22,381 - 文件 Shibor.csv 数据完整
2025-05-15 00:00:22,381 - 信号 Shibor_2W 检查完成，状态: normal

2025-05-15 00:00:22,381 - 
检查信号数据: Shibor_2W_45D_9_combine
2025-05-15 00:00:22,382 - 数据路径: D:\Signal\signal_boost\prod\Shibor_2W_45D_9_combine
2025-05-15 00:00:22,676 - 所有工作日数据完整
2025-05-15 00:00:22,677 - 最新数据日期: 2025-05-15
2025-05-15 00:00:22,677 - 信号 Shibor_2W_45D_9_combine 检查完成，状态: normal

2025-05-15 00:00:28,841 - 
检查信号: Shibor_9M
2025-05-15 00:00:28,851 - 文件 Shibor.csv 数据完整
2025-05-15 00:00:28,851 - 信号 Shibor_9M 检查完成，状态: normal

2025-05-15 00:00:28,851 - 
检查信号数据: Shibor_9M_45D_9_combine
2025-05-15 00:00:28,851 - 数据路径: D:\Signal\signal_boost\prod\Shibor_9M_45D_9_combine
2025-05-15 00:00:29,144 - 所有工作日数据完整
2025-05-15 00:00:29,144 - 最新数据日期: 2025-05-15
2025-05-15 00:00:29,144 - 信号 Shibor_9M_45D_9_combine 检查完成，状态: normal

2025-05-15 00:00:34,654 - 
检查信号: Bond_3Y
2025-05-15 00:00:34,663 - 文件 ChinaGovernmentBonds.csv 数据完整
2025-05-15 00:00:34,663 - 信号 Bond_3Y 检查完成，状态: normal

2025-05-15 00:00:34,663 - 
检查信号数据: Bond_3Y_90D_9_combine
2025-05-15 00:00:34,663 - 数据路径: D:\Signal\signal_boost\prod\Bond_3Y_90D_9_combine
2025-05-15 00:00:34,953 - 所有工作日数据完整
2025-05-15 00:00:34,953 - 最新数据日期: 2025-05-15
2025-05-15 00:00:34,953 - 信号 Bond_3Y_90D_9_combine 检查完成，状态: normal

2025-05-15 00:00:41,076 - 
检查信号: Bond_10Y
2025-05-15 00:00:41,085 - 文件 ChinaGovernmentBonds.csv 数据完整
2025-05-15 00:00:41,085 - 信号 Bond_10Y 检查完成，状态: normal

2025-05-15 00:00:41,085 - 
检查信号数据: Bond_10Y_90D_9_combine
2025-05-15 00:00:41,085 - 数据路径: D:\Signal\signal_boost\prod\Bond_10Y_90D_9_combine
2025-05-15 00:00:41,371 - 所有工作日数据完整
2025-05-15 00:00:41,371 - 最新数据日期: 2025-05-15
2025-05-15 00:00:41,371 - 信号 Bond_10Y_90D_9_combine 检查完成，状态: normal

2025-05-15 00:00:47,414 - 
检查信号: USDX
2025-05-15 00:00:47,423 - 文件 UsDollar.csv 数据完整
2025-05-15 00:00:47,423 - 信号 USDX 检查完成，状态: normal

2025-05-15 00:00:47,423 - 
检查信号数据: USDX_120D_9_combine
2025-05-15 00:00:47,423 - 数据路径: D:\Signal\signal_boost\prod\USDX_120D_9_combine
2025-05-15 00:00:47,707 - 所有工作日数据完整
2025-05-15 00:00:47,707 - 最新数据日期: 2025-05-15
2025-05-15 00:00:47,708 - 信号 USDX_120D_9_combine 检查完成，状态: normal

2025-05-15 00:00:53,819 - 
检查信号: TermSpread_9Y
2025-05-15 00:00:53,829 - 文件 ChinaDevelopmentBankBonds.csv 数据完整
2025-05-15 00:00:53,829 - 信号 TermSpread_9Y 检查完成，状态: normal

2025-05-15 00:00:53,830 - 
检查信号数据: TermSpread_9Y_120D_9_combine
2025-05-15 00:00:53,830 - 数据路径: D:\Signal\signal_boost\prod\TermSpread_9Y_120D_9_combine
2025-05-15 00:00:54,104 - 所有工作日数据完整
2025-05-15 00:00:54,104 - 最新数据日期: 2025-05-15
2025-05-15 00:00:54,105 - 信号 TermSpread_9Y_120D_9_combine 检查完成，状态: normal

2025-05-15 00:01:00,210 - 
检查信号: M1M2
2025-05-15 00:01:00,222 - 文件 M1M2.csv 数据完整
2025-05-15 00:01:00,222 - 信号 M1M2 检查完成，状态: normal

2025-05-15 00:01:00,222 - 
检查信号数据: M1M2_90D_9_combine
2025-05-15 00:01:00,222 - 数据路径: D:\Signal\signal_boost\prod\M1M2_90D_9_combine
2025-05-15 00:01:00,499 - 所有工作日数据完整
2025-05-15 00:01:00,500 - 最新数据日期: 2025-05-15
2025-05-15 00:01:00,500 - 信号 M1M2_90D_9_combine 检查完成，状态: normal

2025-05-15 00:01:07,204 - 
检查信号: RelativeVolume_std
2025-05-15 00:01:07,217 - 文件 IndexVolume.csv 数据完整
2025-05-15 00:01:07,217 - 信号 RelativeVolume_std 检查完成，状态: normal

2025-05-15 00:01:07,217 - 
检查信号数据: RelativeVolume_std_20D_9_combine
2025-05-15 00:01:07,217 - 数据路径: D:\Signal\signal_boost\prod\RelativeVolume_std_20D_9_combine
2025-05-15 00:01:07,532 - 所有工作日数据完整
2025-05-15 00:01:07,532 - 最新数据日期: 2025-05-15
2025-05-15 00:01:07,532 - 信号 RelativeVolume_std_20D_9_combine 检查完成，状态: normal

2025-05-15 00:01:12,853 - 
检查信号: RelativeReturn_std
2025-05-15 00:01:12,876 - 文件 index_return.csv 数据完整
2025-05-15 00:01:12,876 - 信号 RelativeReturn_std 检查完成，状态: normal

2025-05-15 00:01:12,876 - 
检查信号数据: RelativeReturn_std_20D_9_combine
2025-05-15 00:01:12,876 - 数据路径: D:\Signal\signal_boost\prod\RelativeReturn_std_20D_9_combine
2025-05-15 00:01:13,201 - 所有工作日数据完整
2025-05-15 00:01:13,201 - 最新数据日期: 2025-05-15
2025-05-15 00:01:13,201 - 信号 RelativeReturn_std_20D_9_combine 检查完成，状态: normal

2025-05-15 00:01:18,537 - 
检查信号: EarningsYield_Reverse
2025-05-15 00:01:18,551 - 文件 ygData.csv 数据完整
2025-05-15 00:01:18,551 - 信号 EarningsYield_Reverse 检查完成，状态: normal

2025-05-15 00:01:18,551 - 
检查信号数据: EarningsYield_Reverse_1D_9_combine
2025-05-15 00:01:18,551 - 数据路径: D:\Signal\signal_boost\prod\EarningsYield_Reverse_1D_9_combine
2025-05-15 00:01:18,859 - 所有工作日数据完整
2025-05-15 00:01:18,860 - 最新数据日期: 2025-05-15
2025-05-15 00:01:18,860 - 信号 EarningsYield_Reverse_1D_9_combine 检查完成，状态: normal

2025-05-15 00:01:24,004 - 
检查信号: Growth
2025-05-15 00:01:24,017 - 文件 ygData.csv 数据完整
2025-05-15 00:01:24,018 - 信号 Growth 检查完成，状态: normal

2025-05-15 00:01:24,018 - 
检查信号数据: Growth_1D_9_combine
2025-05-15 00:01:24,018 - 数据路径: D:\Signal\signal_boost\prod\Growth_1D_9_combine
2025-05-15 00:01:24,327 - 所有工作日数据完整
2025-05-15 00:01:24,327 - 最新数据日期: 2025-05-15
2025-05-15 00:01:24,327 - 信号 Growth_1D_9_combine 检查完成，状态: normal

2025-05-15 00:01:29,490 - 
检查信号: LHBProportion
2025-05-15 00:01:29,499 - 文件 LHB_AMT_proportion.csv 数据完整
2025-05-15 00:01:29,512 - 文件 IndexAmt.csv 数据完整
2025-05-15 00:01:29,512 - 信号 LHBProportion 检查完成，状态: normal

2025-05-15 00:01:29,512 - 
检查信号数据: LHBProportion_1D_9_combine
2025-05-15 00:01:29,512 - 数据路径: D:\Signal\signal_boost\prod\LHBProportion_1D_9_combine
2025-05-15 00:01:29,823 - 所有工作日数据完整
2025-05-15 00:01:29,823 - 最新数据日期: 2025-05-15
2025-05-15 00:01:29,823 - 信号 LHBProportion_1D_9_combine 检查完成，状态: normal

2025-05-15 00:01:35,054 - 
检查信号: NLBP_difference
2025-05-15 00:01:35,063 - 文件 NetLeverageBuying.csv 数据完整
2025-05-15 00:01:35,063 - 信号 NLBP_difference 检查完成，状态: normal

2025-05-15 00:01:35,063 - 
检查信号数据: NLBP_difference_1D_9_combine
2025-05-15 00:01:35,064 - 数据路径: D:\Signal\signal_boost\prod\NLBP_difference_1D_9_combine
2025-05-15 00:01:35,382 - 所有工作日数据完整
2025-05-15 00:01:35,382 - 最新数据日期: 2025-05-15
2025-05-15 00:01:35,382 - 信号 NLBP_difference_1D_9_combine 检查完成，状态: normal

2025-05-15 00:01:40,567 - 
检查信号: LargeOrder_difference
2025-05-15 00:01:40,577 - 文件 LargeOrderInflow.csv 数据完整
2025-05-15 00:01:40,577 - 信号 LargeOrder_difference 检查完成，状态: normal

2025-05-15 00:01:40,577 - 
检查信号数据: LargeOrder_difference_1D_9_combine
2025-05-15 00:01:40,577 - 数据路径: D:\Signal\signal_boost\prod\LargeOrder_difference_1D_9_combine
2025-05-15 00:01:40,864 - 所有工作日数据完整
2025-05-15 00:01:40,864 - 最新数据日期: 2025-05-15
2025-05-15 00:01:40,864 - 信号 LargeOrder_difference_1D_9_combine 检查完成，状态: normal

2025-05-15 00:01:45,027 - 
检查信号: Monthly_effect
2025-05-15 00:01:45,050 - 文件 index_return.csv 数据完整
2025-05-15 00:01:45,050 - 信号 Monthly_effect 检查完成，状态: normal

2025-05-15 00:01:45,050 - 
检查信号数据: Monthly_effect_1D_9_combine
2025-05-15 00:01:45,050 - 数据路径: D:\Signal\signal_boost\prod\Monthly_effect_1D_9_combine
2025-05-15 00:01:45,375 - 所有工作日数据完整
2025-05-15 00:01:45,375 - 最新数据日期: 2025-05-15
2025-05-15 00:01:45,375 - 信号 Monthly_effect_1D_9_combine 检查完成，状态: normal

2025-05-15 00:01:54,005 - 
检查信号: CPI
2025-05-15 00:01:54,016 - 文件 CPI.csv 数据完整
2025-05-15 00:01:54,016 - 信号 CPI 检查完成，状态: normal

2025-05-15 00:01:54,016 - 
检查信号数据: CPI_1D_9_combine
2025-05-15 00:01:54,016 - 数据路径: D:\Signal\signal_boost\prod\CPI_1D_9_combine
2025-05-15 00:01:54,338 - 所有工作日数据完整
2025-05-15 00:01:54,338 - 最新数据日期: 2025-05-15
2025-05-15 00:01:54,338 - 信号 CPI_1D_9_combine 检查完成，状态: normal

2025-05-15 00:02:00,069 - 
检查信号: PPI
2025-05-15 00:02:00,080 - 文件 PPI.csv 数据完整
2025-05-15 00:02:00,080 - 信号 PPI 检查完成，状态: normal

2025-05-15 00:02:00,080 - 
检查信号数据: PPI_1D_9_combine
2025-05-15 00:02:00,080 - 数据路径: D:\Signal\signal_boost\prod\PPI_1D_9_combine
2025-05-15 00:02:00,402 - 所有工作日数据完整
2025-05-15 00:02:00,403 - 最新数据日期: 2025-05-15
2025-05-15 00:02:00,403 - 信号 PPI_1D_9_combine 检查完成，状态: normal

2025-05-15 00:02:06,213 - 
检查信号: PMI
2025-05-15 00:02:06,224 - 文件 PMI.csv 数据完整
2025-05-15 00:02:06,224 - 信号 PMI 检查完成，状态: normal

2025-05-15 00:02:06,224 - 
检查信号数据: PMI_1D_9_combine
2025-05-15 00:02:06,225 - 数据路径: D:\Signal\signal_boost\prod\PMI_1D_9_combine
2025-05-15 00:02:06,548 - 所有工作日数据完整
2025-05-15 00:02:06,548 - 最新数据日期: 2025-05-15
2025-05-15 00:02:06,548 - 信号 PMI_1D_9_combine 检查完成，状态: normal

2025-05-15 00:02:12,277 - 
检查信号: Stock_HL
2025-05-15 00:02:14,684 - 文件 stock_close.csv 数据完整
2025-05-15 00:02:14,684 - 信号 Stock_HL 检查完成，状态: normal

2025-05-15 00:02:14,684 - 
检查信号数据: Stock_HL_1D_9_combine
2025-05-15 00:02:14,684 - 数据路径: D:\Signal\signal_boost\prod\Stock_HL_1D_9_combine
2025-05-15 00:02:14,970 - 所有工作日数据完整
2025-05-15 00:02:14,970 - 最新数据日期: 2025-05-15
2025-05-15 00:02:14,971 - 信号 Stock_HL_1D_9_combine 检查完成，状态: normal

2025-05-15 00:02:44,989 - 
检查信号: Rsi_difference
2025-05-15 00:02:47,288 - 文件 stock_close.csv 数据完整
2025-05-15 00:02:47,288 - 信号 Rsi_difference 检查完成，状态: normal

2025-05-15 00:02:47,288 - 
检查信号数据: Rsi_difference_1D_9_combine
2025-05-15 00:02:47,288 - 数据路径: D:\Signal\signal_boost\prod\Rsi_difference_1D_9_combine
2025-05-15 00:02:47,581 - 所有工作日数据完整
2025-05-15 00:02:47,581 - 最新数据日期: 2025-05-15
2025-05-15 00:02:47,581 - 信号 Rsi_difference_1D_9_combine 检查完成，状态: normal

2025-05-15 00:03:16,839 - 
检查信号: RaisingTrend_proportion
2025-05-15 00:03:19,150 - 文件 stock_close.csv 数据完整
2025-05-15 00:03:19,150 - 信号 RaisingTrend_proportion 检查完成，状态: normal

2025-05-15 00:03:19,150 - 
检查信号数据: RaisingTrend_proportion_1D_9_combine
2025-05-15 00:03:19,150 - 数据路径: D:\Signal\signal_boost\prod\RaisingTrend_proportion_1D_9_combine
2025-05-15 00:03:19,414 - 所有工作日数据完整
2025-05-15 00:03:19,414 - 最新数据日期: 2025-05-15
2025-05-15 00:03:19,414 - 信号 RaisingTrend_proportion_1D_9_combine 检查完成，状态: normal

2025-05-15 00:03:36,283 - 
检查信号: TargetIndex_MACD
2025-05-15 00:03:36,306 - 文件 index_return.csv 数据完整
2025-05-15 00:03:36,306 - 信号 TargetIndex_MACD 检查完成，状态: normal

2025-05-15 00:03:36,306 - 
检查信号数据: TargetIndex_MACD_1D_9_combine
2025-05-15 00:03:36,307 - 数据路径: D:\Signal\signal_boost\prod\TargetIndex_MACD_1D_9_combine
2025-05-15 00:03:36,635 - 所有工作日数据完整
2025-05-15 00:03:36,635 - 最新数据日期: 2025-05-15
2025-05-15 00:03:36,635 - 信号 TargetIndex_MACD_1D_9_combine 检查完成，状态: normal

2025-05-15 00:03:41,932 - 
检查信号: TargetIndex_BBANDS
2025-05-15 00:03:41,954 - 文件 index_return.csv 数据完整
2025-05-15 00:03:41,955 - 信号 TargetIndex_BBANDS 检查完成，状态: normal

2025-05-15 00:03:41,955 - 
检查信号数据: TargetIndex_BBANDS_1D_9_combine
2025-05-15 00:03:41,955 - 数据路径: D:\Signal\signal_boost\prod\TargetIndex_BBANDS_1D_9_combine
2025-05-15 00:03:42,281 - 所有工作日数据完整
2025-05-15 00:03:42,282 - 最新数据日期: 2025-05-15
2025-05-15 00:03:42,282 - 信号 TargetIndex_BBANDS_1D_9_combine 检查完成，状态: normal

2025-05-15 00:03:47,595 - 
检查信号: TargetIndex_MOMENTUM
2025-05-15 00:03:47,618 - 文件 index_return.csv 数据完整
2025-05-15 00:03:47,618 - 信号 TargetIndex_MOMENTUM 检查完成，状态: normal

2025-05-15 00:03:47,618 - 
检查信号数据: TargetIndex_MOMENTUM_1D_9_combine
2025-05-15 00:03:47,618 - 数据路径: D:\Signal\signal_boost\prod\TargetIndex_MOMENTUM_1D_9_combine
2025-05-15 00:03:47,942 - 所有工作日数据完整
2025-05-15 00:03:47,942 - 最新数据日期: 2025-05-15
2025-05-15 00:03:47,942 - 信号 TargetIndex_MOMENTUM_1D_9_combine 检查完成，状态: normal

2025-05-15 00:03:53,254 - 
检查信号: TargetIndex_PSA
2025-05-15 00:03:53,267 - 文件 IndexClose.csv 数据完整
2025-05-15 00:03:53,280 - 文件 IndexHigh.csv 数据完整
2025-05-15 00:03:53,293 - 文件 IndexLow.csv 数据完整
2025-05-15 00:03:53,293 - 信号 TargetIndex_PSA 检查完成，状态: normal

2025-05-15 00:03:53,294 - 
检查信号数据: TargetIndex_PSA_1D_9_combine
2025-05-15 00:03:53,294 - 数据路径: D:\Signal\signal_boost\prod\TargetIndex_PSA_1D_9_combine
2025-05-15 00:03:53,625 - 所有工作日数据完整
2025-05-15 00:03:53,626 - 最新数据日期: 2025-05-15
2025-05-15 00:03:53,626 - 信号 TargetIndex_PSA_1D_9_combine 检查完成，状态: normal

2025-05-15 00:03:59,158 - 
检查信号: TargetIndex_MOMENTUM2
2025-05-15 00:03:59,180 - 文件 index_return.csv 数据完整
2025-05-15 00:03:59,181 - 信号 TargetIndex_MOMENTUM2 检查完成，状态: normal

2025-05-15 00:03:59,181 - 
检查信号数据: TargetIndex_MOMENTUM2_1D_9_combine
2025-05-15 00:03:59,181 - 数据路径: D:\Signal\signal_boost\prod\TargetIndex_MOMENTUM2_1D_9_combine
2025-05-15 00:03:59,503 - 所有工作日数据完整
2025-05-15 00:03:59,504 - 最新数据日期: 2025-05-15
2025-05-15 00:03:59,504 - 信号 TargetIndex_MOMENTUM2_1D_9_combine 检查完成，状态: normal

2025-05-15 00:04:06,098 - 
检查信号: TargetIndex_REVERSE
2025-05-15 00:04:06,120 - 文件 index_return.csv 数据完整
2025-05-15 00:04:06,126 - 文件 vix_timeWeight.csv 数据完整
2025-05-15 00:04:06,127 - 信号 TargetIndex_REVERSE 检查完成，状态: normal

2025-05-15 00:04:06,127 - 
检查信号数据: TargetIndex_REVERSE_1D_9_combine
2025-05-15 00:04:06,127 - 数据路径: D:\Signal\signal_boost\prod\TargetIndex_REVERSE_1D_9_combine
2025-05-15 00:04:06,450 - 所有工作日数据完整
2025-05-15 00:04:06,451 - 最新数据日期: 2025-05-15
2025-05-15 00:04:06,451 - 信号 TargetIndex_REVERSE_1D_9_combine 检查完成，状态: normal

2025-05-15 00:04:13,086 - 
检查信号: Future_difference
2025-05-15 00:04:13,094 - 文件 indexFutureDifference.csv 数据完整
2025-05-15 00:04:13,094 - 信号 Future_difference 检查完成，状态: normal

2025-05-15 00:04:13,095 - 
检查信号数据: Future_difference_1D_9_combine
2025-05-15 00:04:13,095 - 数据路径: D:\Signal\signal_boost\prod\Future_difference_1D_9_combine
2025-05-15 00:04:13,368 - 所有工作日数据完整
2025-05-15 00:04:13,368 - 最新数据日期: 2025-05-15
2025-05-15 00:04:13,368 - 信号 Future_difference_1D_9_combine 检查完成，状态: normal

2025-05-15 00:04:18,298 - 
检查信号: RRScore_difference
2025-05-15 00:04:18,306 - 文件 indexrrScoreDifference.csv 数据完整
2025-05-15 00:04:18,306 - 信号 RRScore_difference 检查完成，状态: normal

2025-05-15 00:04:18,306 - 
检查信号数据: RRScore_difference_1D_9_combine
2025-05-15 00:04:18,306 - 数据路径: D:\Signal\signal_boost\prod\RRScore_difference_1D_9_combine
2025-05-15 00:04:18,597 - 所有工作日数据完整
2025-05-15 00:04:18,597 - 最新数据日期: 2025-05-15
2025-05-15 00:04:18,597 - 信号 RRScore_difference_1D_9_combine 检查完成，状态: normal

2025-05-15 22:21:57,302 - 开始数据检查 - 检查期间: 2024-05-15 到 2025-05-15
2025-05-15 22:21:57,302 - 目标日期: 2025-05-15
2025-05-15 22:21:57,316 - 
检查信号: CreditSpread_9M
2025-05-15 22:21:57,328 - 文件 ChinaDevelopmentBankBonds.csv 数据完整
2025-05-15 22:21:57,341 - 文件 ChinaMediumTermNotes.csv 数据完整
2025-05-15 22:21:57,342 - 信号 CreditSpread_9M 检查完成，状态: normal

2025-05-15 22:21:57,342 - 
检查信号数据: CreditSpread_9M_1D_9_combine
2025-05-15 22:21:57,343 - 数据路径: D:\Signal\signal_boost\prod\CreditSpread_9M_1D_9_combine
2025-05-15 22:21:57,649 - 所有工作日数据完整
2025-05-15 22:21:57,649 - 最新数据日期: 2025-05-15
2025-05-15 22:21:57,653 - 信号 CreditSpread_9M_1D_9_combine 检查完成，状态: normal

2025-05-15 22:22:03,012 - 
检查信号: CreditSpread_5Y
2025-05-15 22:22:03,022 - 文件 ChinaDevelopmentBankBonds.csv 数据完整
2025-05-15 22:22:03,032 - 文件 ChinaMediumTermNotes.csv 数据完整
2025-05-15 22:22:03,032 - 信号 CreditSpread_5Y 检查完成，状态: normal

2025-05-15 22:22:03,032 - 
检查信号数据: CreditSpread_5Y_1D_9_combine
2025-05-15 22:22:03,032 - 数据路径: D:\Signal\signal_boost\prod\CreditSpread_5Y_1D_9_combine
2025-05-15 22:22:03,347 - 所有工作日数据完整
2025-05-15 22:22:03,347 - 最新数据日期: 2025-05-15
2025-05-15 22:22:03,347 - 信号 CreditSpread_5Y_1D_9_combine 检查完成，状态: normal

2025-05-15 22:22:08,548 - 
检查信号: Shibor_2W
2025-05-15 22:22:08,557 - 文件 Shibor.csv 数据完整
2025-05-15 22:22:08,557 - 信号 Shibor_2W 检查完成，状态: normal

2025-05-15 22:22:08,559 - 
检查信号数据: Shibor_2W_45D_9_combine
2025-05-15 22:22:08,559 - 数据路径: D:\Signal\signal_boost\prod\Shibor_2W_45D_9_combine
2025-05-15 22:22:08,851 - 所有工作日数据完整
2025-05-15 22:22:08,851 - 最新数据日期: 2025-05-15
2025-05-15 22:22:08,852 - 信号 Shibor_2W_45D_9_combine 检查完成，状态: normal

2025-05-15 22:22:15,852 - 
检查信号: Shibor_9M
2025-05-15 22:22:15,861 - 文件 Shibor.csv 数据完整
2025-05-15 22:22:15,862 - 信号 Shibor_9M 检查完成，状态: normal

2025-05-15 22:22:15,862 - 
检查信号数据: Shibor_9M_45D_9_combine
2025-05-15 22:22:15,862 - 数据路径: D:\Signal\signal_boost\prod\Shibor_9M_45D_9_combine
2025-05-15 22:22:16,156 - 所有工作日数据完整
2025-05-15 22:22:16,157 - 最新数据日期: 2025-05-15
2025-05-15 22:22:16,158 - 信号 Shibor_9M_45D_9_combine 检查完成，状态: normal

2025-05-15 22:22:21,880 - 
检查信号: Bond_3Y
2025-05-15 22:22:21,890 - 文件 ChinaGovernmentBonds.csv 数据完整
2025-05-15 22:22:21,890 - 信号 Bond_3Y 检查完成，状态: normal

2025-05-15 22:22:21,890 - 
检查信号数据: Bond_3Y_90D_9_combine
2025-05-15 22:22:21,892 - 数据路径: D:\Signal\signal_boost\prod\Bond_3Y_90D_9_combine
2025-05-15 22:22:22,177 - 所有工作日数据完整
2025-05-15 22:22:22,177 - 最新数据日期: 2025-05-15
2025-05-15 22:22:22,178 - 信号 Bond_3Y_90D_9_combine 检查完成，状态: normal

2025-05-15 22:22:29,315 - 
检查信号: Bond_10Y
2025-05-15 22:22:29,324 - 文件 ChinaGovernmentBonds.csv 数据完整
2025-05-15 22:22:29,325 - 信号 Bond_10Y 检查完成，状态: normal

2025-05-15 22:22:29,325 - 
检查信号数据: Bond_10Y_90D_9_combine
2025-05-15 22:22:29,325 - 数据路径: D:\Signal\signal_boost\prod\Bond_10Y_90D_9_combine
2025-05-15 22:22:29,611 - 所有工作日数据完整
2025-05-15 22:22:29,611 - 最新数据日期: 2025-05-15
2025-05-15 22:22:29,613 - 信号 Bond_10Y_90D_9_combine 检查完成，状态: normal

2025-05-15 22:22:36,656 - 
检查信号: USDX
2025-05-15 22:22:36,665 - 文件 UsDollar.csv 数据完整
2025-05-15 22:22:36,665 - 信号 USDX 检查完成，状态: normal

2025-05-15 22:22:36,666 - 
检查信号数据: USDX_120D_9_combine
2025-05-15 22:22:36,667 - 数据路径: D:\Signal\signal_boost\prod\USDX_120D_9_combine
2025-05-15 22:22:36,949 - 所有工作日数据完整
2025-05-15 22:22:36,949 - 最新数据日期: 2025-05-15
2025-05-15 22:22:36,950 - 信号 USDX_120D_9_combine 检查完成，状态: normal

2025-05-15 22:22:44,278 - 
检查信号: TermSpread_9Y
2025-05-15 22:22:44,288 - 文件 ChinaDevelopmentBankBonds.csv 数据完整
2025-05-15 22:22:44,289 - 信号 TermSpread_9Y 检查完成，状态: normal

2025-05-15 22:22:44,289 - 
检查信号数据: TermSpread_9Y_120D_9_combine
2025-05-15 22:22:44,289 - 数据路径: D:\Signal\signal_boost\prod\TermSpread_9Y_120D_9_combine
2025-05-15 22:22:44,562 - 所有工作日数据完整
2025-05-15 22:22:44,562 - 最新数据日期: 2025-05-15
2025-05-15 22:22:44,563 - 信号 TermSpread_9Y_120D_9_combine 检查完成，状态: normal

2025-05-15 22:22:51,674 - 
检查信号: M1M2
2025-05-15 22:22:51,685 - 文件 M1M2.csv 数据完整
2025-05-15 22:22:51,685 - 信号 M1M2 检查完成，状态: normal

2025-05-15 22:22:51,686 - 
检查信号数据: M1M2_90D_9_combine
2025-05-15 22:22:51,686 - 数据路径: D:\Signal\signal_boost\prod\M1M2_90D_9_combine
2025-05-15 22:22:51,963 - 所有工作日数据完整
2025-05-15 22:22:51,964 - 最新数据日期: 2025-05-15
2025-05-15 22:22:51,965 - 信号 M1M2_90D_9_combine 检查完成，状态: normal

2025-05-15 22:22:59,254 - 
检查信号: RelativeVolume_std
2025-05-15 22:22:59,267 - 文件 IndexVolume.csv 数据完整
2025-05-15 22:22:59,268 - 信号 RelativeVolume_std 检查完成，状态: normal

2025-05-15 22:22:59,268 - 
检查信号数据: RelativeVolume_std_20D_9_combine
2025-05-15 22:22:59,268 - 数据路径: D:\Signal\signal_boost\prod\RelativeVolume_std_20D_9_combine
2025-05-15 22:22:59,587 - 所有工作日数据完整
2025-05-15 22:22:59,588 - 最新数据日期: 2025-05-15
2025-05-15 22:22:59,589 - 信号 RelativeVolume_std_20D_9_combine 检查完成，状态: normal

2025-05-15 22:23:05,009 - 
检查信号: RelativeReturn_std
2025-05-15 22:23:05,032 - 文件 index_return.csv 数据完整
2025-05-15 22:23:05,033 - 信号 RelativeReturn_std 检查完成，状态: normal

2025-05-15 22:23:05,034 - 
检查信号数据: RelativeReturn_std_20D_9_combine
2025-05-15 22:23:05,034 - 数据路径: D:\Signal\signal_boost\prod\RelativeReturn_std_20D_9_combine
2025-05-15 22:23:05,359 - 所有工作日数据完整
2025-05-15 22:23:05,360 - 最新数据日期: 2025-05-15
2025-05-15 22:23:05,361 - 信号 RelativeReturn_std_20D_9_combine 检查完成，状态: normal

2025-05-15 22:23:10,900 - 
检查信号: EarningsYield_Reverse
2025-05-15 22:23:10,914 - 文件 ygData.csv 数据完整
2025-05-15 22:23:10,914 - 信号 EarningsYield_Reverse 检查完成，状态: normal

2025-05-15 22:23:10,915 - 
检查信号数据: EarningsYield_Reverse_1D_9_combine
2025-05-15 22:23:10,915 - 数据路径: D:\Signal\signal_boost\prod\EarningsYield_Reverse_1D_9_combine
2025-05-15 22:23:11,235 - 所有工作日数据完整
2025-05-15 22:23:11,235 - 最新数据日期: 2025-05-15
2025-05-15 22:23:11,236 - 信号 EarningsYield_Reverse_1D_9_combine 检查完成，状态: normal

2025-05-15 22:23:16,432 - 
检查信号: Growth
2025-05-15 22:23:16,446 - 文件 ygData.csv 数据完整
2025-05-15 22:23:16,446 - 信号 Growth 检查完成，状态: normal

2025-05-15 22:23:16,447 - 
检查信号数据: Growth_1D_9_combine
2025-05-15 22:23:16,447 - 数据路径: D:\Signal\signal_boost\prod\Growth_1D_9_combine
2025-05-15 22:23:16,758 - 所有工作日数据完整
2025-05-15 22:23:16,758 - 最新数据日期: 2025-05-15
2025-05-15 22:23:16,759 - 信号 Growth_1D_9_combine 检查完成，状态: normal

2025-05-15 22:23:21,940 - 
检查信号: LHBProportion
2025-05-15 22:23:21,948 - 文件 LHB_AMT_proportion.csv 数据完整
2025-05-15 22:23:21,962 - 文件 IndexAmt.csv 数据完整
2025-05-15 22:23:21,963 - 信号 LHBProportion 检查完成，状态: normal

2025-05-15 22:23:21,963 - 
检查信号数据: LHBProportion_1D_9_combine
2025-05-15 22:23:21,964 - 数据路径: D:\Signal\signal_boost\prod\LHBProportion_1D_9_combine
2025-05-15 22:23:22,276 - 所有工作日数据完整
2025-05-15 22:23:22,276 - 最新数据日期: 2025-05-15
2025-05-15 22:23:22,278 - 信号 LHBProportion_1D_9_combine 检查完成，状态: normal

2025-05-15 22:23:27,466 - 
检查信号: NLBP_difference
2025-05-15 22:23:27,475 - 文件 NetLeverageBuying.csv 数据完整
2025-05-15 22:23:27,475 - 信号 NLBP_difference 检查完成，状态: normal

2025-05-15 22:23:27,475 - 
检查信号数据: NLBP_difference_1D_9_combine
2025-05-15 22:23:27,475 - 数据路径: D:\Signal\signal_boost\prod\NLBP_difference_1D_9_combine
2025-05-15 22:23:27,794 - 所有工作日数据完整
2025-05-15 22:23:27,794 - 最新数据日期: 2025-05-15
2025-05-15 22:23:27,795 - 信号 NLBP_difference_1D_9_combine 检查完成，状态: normal

2025-05-15 22:23:32,996 - 
检查信号: LargeOrder_difference
2025-05-15 22:23:33,005 - 文件 LargeOrderInflow.csv 数据完整
2025-05-15 22:23:33,006 - 信号 LargeOrder_difference 检查完成，状态: normal

2025-05-15 22:23:33,006 - 
检查信号数据: LargeOrder_difference_1D_9_combine
2025-05-15 22:23:33,006 - 数据路径: D:\Signal\signal_boost\prod\LargeOrder_difference_1D_9_combine
2025-05-15 22:23:33,297 - 所有工作日数据完整
2025-05-15 22:23:33,298 - 最新数据日期: 2025-05-15
2025-05-15 22:23:33,299 - 信号 LargeOrder_difference_1D_9_combine 检查完成，状态: normal

2025-05-15 22:23:37,500 - 
检查信号: Monthly_effect
2025-05-15 22:23:37,523 - 文件 index_return.csv 数据完整
2025-05-15 22:23:37,523 - 信号 Monthly_effect 检查完成，状态: normal

2025-05-15 22:23:37,524 - 
检查信号数据: Monthly_effect_1D_9_combine
2025-05-15 22:23:37,524 - 数据路径: D:\Signal\signal_boost\prod\Monthly_effect_1D_9_combine
2025-05-15 22:23:37,851 - 所有工作日数据完整
2025-05-15 22:23:37,851 - 最新数据日期: 2025-05-15
2025-05-15 22:23:37,852 - 信号 Monthly_effect_1D_9_combine 检查完成，状态: normal

2025-05-15 22:23:46,450 - 
检查信号: CPI
2025-05-15 22:23:46,461 - 文件 CPI.csv 数据完整
2025-05-15 22:23:46,461 - 信号 CPI 检查完成，状态: normal

2025-05-15 22:23:46,461 - 
检查信号数据: CPI_1D_9_combine
2025-05-15 22:23:46,461 - 数据路径: D:\Signal\signal_boost\prod\CPI_1D_9_combine
2025-05-15 22:23:46,784 - 所有工作日数据完整
2025-05-15 22:23:46,784 - 最新数据日期: 2025-05-15
2025-05-15 22:23:46,785 - 信号 CPI_1D_9_combine 检查完成，状态: normal

2025-05-15 22:23:52,507 - 
检查信号: PPI
2025-05-15 22:23:52,518 - 文件 PPI.csv 数据完整
2025-05-15 22:23:52,519 - 信号 PPI 检查完成，状态: normal

2025-05-15 22:23:52,519 - 
检查信号数据: PPI_1D_9_combine
2025-05-15 22:23:52,519 - 数据路径: D:\Signal\signal_boost\prod\PPI_1D_9_combine
2025-05-15 22:23:52,840 - 所有工作日数据完整
2025-05-15 22:23:52,841 - 最新数据日期: 2025-05-15
2025-05-15 22:23:52,842 - 信号 PPI_1D_9_combine 检查完成，状态: normal

2025-05-15 22:23:58,584 - 
检查信号: PMI
2025-05-15 22:23:58,595 - 文件 PMI.csv 数据完整
2025-05-15 22:23:58,595 - 信号 PMI 检查完成，状态: normal

2025-05-15 22:23:58,596 - 
检查信号数据: PMI_1D_9_combine
2025-05-15 22:23:58,596 - 数据路径: D:\Signal\signal_boost\prod\PMI_1D_9_combine
2025-05-15 22:23:58,919 - 所有工作日数据完整
2025-05-15 22:23:58,920 - 最新数据日期: 2025-05-15
2025-05-15 22:23:58,921 - 信号 PMI_1D_9_combine 检查完成，状态: normal

2025-05-15 22:24:04,655 - 
检查信号: Stock_HL
2025-05-15 22:24:06,950 - 文件 stock_close.csv 数据完整
2025-05-15 22:24:06,951 - 信号 Stock_HL 检查完成，状态: normal

2025-05-15 22:24:06,952 - 
检查信号数据: Stock_HL_1D_9_combine
2025-05-15 22:24:06,952 - 数据路径: D:\Signal\signal_boost\prod\Stock_HL_1D_9_combine
2025-05-15 22:24:07,235 - 所有工作日数据完整
2025-05-15 22:24:07,235 - 最新数据日期: 2025-05-15
2025-05-15 22:24:07,236 - 信号 Stock_HL_1D_9_combine 检查完成，状态: normal

2025-05-15 22:24:35,464 - 
检查信号: Rsi_difference
2025-05-15 22:24:37,758 - 文件 stock_close.csv 数据完整
2025-05-15 22:24:37,759 - 信号 Rsi_difference 检查完成，状态: normal

2025-05-15 22:24:37,760 - 
检查信号数据: Rsi_difference_1D_9_combine
2025-05-15 22:24:37,760 - 数据路径: D:\Signal\signal_boost\prod\Rsi_difference_1D_9_combine
2025-05-15 22:24:38,050 - 所有工作日数据完整
2025-05-15 22:24:38,050 - 最新数据日期: 2025-05-15
2025-05-15 22:24:38,051 - 信号 Rsi_difference_1D_9_combine 检查完成，状态: normal

2025-05-15 22:25:06,253 - 
检查信号: RaisingTrend_proportion
2025-05-15 22:25:08,566 - 文件 stock_close.csv 数据完整
2025-05-15 22:25:08,566 - 信号 RaisingTrend_proportion 检查完成，状态: normal

2025-05-15 22:25:08,567 - 
检查信号数据: RaisingTrend_proportion_1D_9_combine
2025-05-15 22:25:08,567 - 数据路径: D:\Signal\signal_boost\prod\RaisingTrend_proportion_1D_9_combine
2025-05-15 22:25:08,827 - 所有工作日数据完整
2025-05-15 22:25:08,827 - 最新数据日期: 2025-05-15
2025-05-15 22:25:08,828 - 信号 RaisingTrend_proportion_1D_9_combine 检查完成，状态: normal

2025-05-15 22:25:25,544 - 
检查信号: TargetIndex_MACD
2025-05-15 22:25:25,568 - 文件 index_return.csv 数据完整
2025-05-15 22:25:25,568 - 信号 TargetIndex_MACD 检查完成，状态: normal

2025-05-15 22:25:25,569 - 
检查信号数据: TargetIndex_MACD_1D_9_combine
2025-05-15 22:25:25,569 - 数据路径: D:\Signal\signal_boost\prod\TargetIndex_MACD_1D_9_combine
2025-05-15 22:25:25,899 - 所有工作日数据完整
2025-05-15 22:25:25,899 - 最新数据日期: 2025-05-15
2025-05-15 22:25:25,900 - 信号 TargetIndex_MACD_1D_9_combine 检查完成，状态: normal

2025-05-15 22:25:31,277 - 
检查信号: TargetIndex_BBANDS
2025-05-15 22:25:31,301 - 文件 index_return.csv 数据完整
2025-05-15 22:25:31,301 - 信号 TargetIndex_BBANDS 检查完成，状态: normal

2025-05-15 22:25:31,302 - 
检查信号数据: TargetIndex_BBANDS_1D_9_combine
2025-05-15 22:25:31,302 - 数据路径: D:\Signal\signal_boost\prod\TargetIndex_BBANDS_1D_9_combine
2025-05-15 22:25:31,629 - 所有工作日数据完整
2025-05-15 22:25:31,629 - 最新数据日期: 2025-05-15
2025-05-15 22:25:31,631 - 信号 TargetIndex_BBANDS_1D_9_combine 检查完成，状态: normal

2025-05-15 22:25:37,012 - 
检查信号: TargetIndex_MOMENTUM
2025-05-15 22:25:37,036 - 文件 index_return.csv 数据完整
2025-05-15 22:25:37,036 - 信号 TargetIndex_MOMENTUM 检查完成，状态: normal

2025-05-15 22:25:37,037 - 
检查信号数据: TargetIndex_MOMENTUM_1D_9_combine
2025-05-15 22:25:37,038 - 数据路径: D:\Signal\signal_boost\prod\TargetIndex_MOMENTUM_1D_9_combine
2025-05-15 22:25:37,363 - 所有工作日数据完整
2025-05-15 22:25:37,364 - 最新数据日期: 2025-05-15
2025-05-15 22:25:37,365 - 信号 TargetIndex_MOMENTUM_1D_9_combine 检查完成，状态: normal

2025-05-15 22:25:42,753 - 
检查信号: TargetIndex_PSA
2025-05-15 22:25:42,767 - 文件 IndexClose.csv 数据完整
2025-05-15 22:25:42,780 - 文件 IndexHigh.csv 数据完整
2025-05-15 22:25:42,793 - 文件 IndexLow.csv 数据完整
2025-05-15 22:25:42,793 - 信号 TargetIndex_PSA 检查完成，状态: normal

2025-05-15 22:25:42,794 - 
检查信号数据: TargetIndex_PSA_1D_9_combine
2025-05-15 22:25:42,794 - 数据路径: D:\Signal\signal_boost\prod\TargetIndex_PSA_1D_9_combine
2025-05-15 22:25:43,121 - 所有工作日数据完整
2025-05-15 22:25:43,121 - 最新数据日期: 2025-05-15
2025-05-15 22:25:43,123 - 信号 TargetIndex_PSA_1D_9_combine 检查完成，状态: normal

2025-05-15 22:25:48,718 - 
检查信号: TargetIndex_MOMENTUM2
2025-05-15 22:25:48,741 - 文件 index_return.csv 数据完整
2025-05-15 22:25:48,741 - 信号 TargetIndex_MOMENTUM2 检查完成，状态: normal

2025-05-15 22:25:48,742 - 
检查信号数据: TargetIndex_MOMENTUM2_1D_9_combine
2025-05-15 22:25:48,742 - 数据路径: D:\Signal\signal_boost\prod\TargetIndex_MOMENTUM2_1D_9_combine
2025-05-15 22:25:49,070 - 所有工作日数据完整
2025-05-15 22:25:49,070 - 最新数据日期: 2025-05-15
2025-05-15 22:25:49,071 - 信号 TargetIndex_MOMENTUM2_1D_9_combine 检查完成，状态: normal

2025-05-15 22:25:55,785 - 
检查信号: TargetIndex_REVERSE
2025-05-15 22:25:55,809 - 文件 index_return.csv 数据完整
2025-05-15 22:25:55,815 - 文件 vix_timeWeight.csv 数据完整
2025-05-15 22:25:55,815 - 信号 TargetIndex_REVERSE 检查完成，状态: normal

2025-05-15 22:25:55,816 - 
检查信号数据: TargetIndex_REVERSE_1D_9_combine
2025-05-15 22:25:55,816 - 数据路径: D:\Signal\signal_boost\prod\TargetIndex_REVERSE_1D_9_combine
2025-05-15 22:25:56,142 - 所有工作日数据完整
2025-05-15 22:25:56,143 - 最新数据日期: 2025-05-15
2025-05-15 22:25:56,144 - 信号 TargetIndex_REVERSE_1D_9_combine 检查完成，状态: normal

2025-05-15 22:26:02,905 - 
检查信号: Future_difference
2025-05-15 22:26:02,913 - 文件 indexFutureDifference.csv 数据完整
2025-05-15 22:26:02,913 - 信号 Future_difference 检查完成，状态: normal

2025-05-15 22:26:02,913 - 
检查信号数据: Future_difference_1D_9_combine
2025-05-15 22:26:02,914 - 数据路径: D:\Signal\signal_boost\prod\Future_difference_1D_9_combine
2025-05-15 22:26:03,189 - 所有工作日数据完整
2025-05-15 22:26:03,189 - 最新数据日期: 2025-05-15
2025-05-15 22:26:03,190 - 信号 Future_difference_1D_9_combine 检查完成，状态: normal

2025-05-15 22:26:08,222 - 
检查信号: RRScore_difference
2025-05-15 22:26:08,230 - 文件 indexrrScoreDifference.csv 数据完整
2025-05-15 22:26:08,230 - 信号 RRScore_difference 检查完成，状态: normal

2025-05-15 22:26:08,231 - 
检查信号数据: RRScore_difference_1D_9_combine
2025-05-15 22:26:08,231 - 数据路径: D:\Signal\signal_boost\prod\RRScore_difference_1D_9_combine
2025-05-15 22:26:08,524 - 所有工作日数据完整
2025-05-15 22:26:08,524 - 最新数据日期: 2025-05-15
2025-05-15 22:26:08,525 - 信号 RRScore_difference_1D_9_combine 检查完成，状态: normal

2025-05-15 22:45:59,802 - 开始数据检查 - 检查期间: 2024-05-15 到 2025-05-15
2025-05-15 22:45:59,803 - 目标日期: 2025-05-15
2025-05-15 22:45:59,804 - 
检查信号: CreditSpread_9M
2025-05-15 22:45:59,816 - 文件 ChinaDevelopmentBankBonds.csv 数据完整
2025-05-15 22:45:59,824 - 文件 ChinaMediumTermNotes.csv 数据完整
2025-05-15 22:45:59,825 - 信号 CreditSpread_9M 检查完成，状态: normal

2025-05-15 22:45:59,825 - 
检查信号数据: CreditSpread_9M_1D_9_combine
2025-05-15 22:45:59,825 - 数据路径: D:\Signal\signal_boost\prod\CreditSpread_9M_1D_9_combine
2025-05-15 22:46:00,130 - 所有工作日数据完整
2025-05-15 22:46:00,130 - 最新数据日期: 2025-05-16
2025-05-15 22:46:00,131 - 信号 CreditSpread_9M_1D_9_combine 检查完成，状态: normal

2025-05-15 22:46:05,458 - 
检查信号: CreditSpread_5Y
2025-05-15 22:46:05,469 - 文件 ChinaDevelopmentBankBonds.csv 数据完整
2025-05-15 22:46:05,478 - 文件 ChinaMediumTermNotes.csv 数据完整
2025-05-15 22:46:05,478 - 信号 CreditSpread_5Y 检查完成，状态: normal

2025-05-15 22:46:05,478 - 
检查信号数据: CreditSpread_5Y_1D_9_combine
2025-05-15 22:46:05,478 - 数据路径: D:\Signal\signal_boost\prod\CreditSpread_5Y_1D_9_combine
2025-05-15 22:46:05,792 - 所有工作日数据完整
2025-05-15 22:46:05,792 - 最新数据日期: 2025-05-16
2025-05-15 22:46:05,793 - 信号 CreditSpread_5Y_1D_9_combine 检查完成，状态: normal

2025-05-15 22:46:10,964 - 
检查信号: Shibor_2W
2025-05-15 22:46:10,973 - 文件 Shibor.csv 数据完整
2025-05-15 22:46:10,973 - 信号 Shibor_2W 检查完成，状态: normal

2025-05-15 22:46:10,974 - 
检查信号数据: Shibor_2W_45D_9_combine
2025-05-15 22:46:10,975 - 数据路径: D:\Signal\signal_boost\prod\Shibor_2W_45D_9_combine
2025-05-15 22:46:11,269 - 所有工作日数据完整
2025-05-15 22:46:11,269 - 最新数据日期: 2025-05-16
2025-05-15 22:46:11,269 - 信号 Shibor_2W_45D_9_combine 检查完成，状态: normal

