2025-05-14 00:00:11,187 - 开始数据检查 - 检查期间: 2024-05-13 到 2025-05-13
2025-05-14 00:00:11,187 - 目标日期: 2025-05-13
2025-05-14 00:00:11,188 - 
检查信号: CreditSpread_9M
2025-05-14 00:00:11,199 - 文件 ChinaDevelopmentBankBonds.csv 数据完整
2025-05-14 00:00:11,209 - 文件 ChinaMediumTermNotes.csv 数据完整
2025-05-14 00:00:11,209 - 信号 CreditSpread_9M 检查完成，状态: normal

2025-05-14 00:00:11,210 - 
检查信号数据: CreditSpread_9M_1D_9_combine
2025-05-14 00:00:11,210 - 数据路径: D:\Signal\signal_boost\prod\CreditSpread_9M_1D_9_combine
2025-05-14 00:00:11,515 - 所有工作日数据完整
2025-05-14 00:00:11,515 - 最新数据日期: 2025-05-14
2025-05-14 00:00:11,515 - 信号 CreditSpread_9M_1D_9_combine 检查完成，状态: normal

2025-05-14 00:00:16,803 - 
检查信号: CreditSpread_5Y
2025-05-14 00:00:16,814 - 文件 ChinaDevelopmentBankBonds.csv 数据完整
2025-05-14 00:00:16,823 - 文件 ChinaMediumTermNotes.csv 数据完整
2025-05-14 00:00:16,823 - 信号 CreditSpread_5Y 检查完成，状态: normal

2025-05-14 00:00:16,823 - 
检查信号数据: CreditSpread_5Y_1D_9_combine
2025-05-14 00:00:16,823 - 数据路径: D:\Signal\signal_boost\prod\CreditSpread_5Y_1D_9_combine
2025-05-14 00:00:17,136 - 所有工作日数据完整
2025-05-14 00:00:17,137 - 最新数据日期: 2025-05-14
2025-05-14 00:00:17,137 - 信号 CreditSpread_5Y_1D_9_combine 检查完成，状态: normal

2025-05-14 00:00:22,274 - 
检查信号: Shibor_2W
2025-05-14 00:00:22,283 - 文件 Shibor.csv 数据完整
2025-05-14 00:00:22,283 - 信号 Shibor_2W 检查完成，状态: normal

2025-05-14 00:00:22,284 - 
检查信号数据: Shibor_2W_45D_9_combine
2025-05-14 00:00:22,284 - 数据路径: D:\Signal\signal_boost\prod\Shibor_2W_45D_9_combine
2025-05-14 00:00:22,574 - 所有工作日数据完整
2025-05-14 00:00:22,575 - 最新数据日期: 2025-05-14
2025-05-14 00:00:22,575 - 信号 Shibor_2W_45D_9_combine 检查完成，状态: normal

2025-05-14 00:00:28,780 - 
检查信号: Shibor_9M
2025-05-14 00:00:28,789 - 文件 Shibor.csv 数据完整
2025-05-14 00:00:28,789 - 信号 Shibor_9M 检查完成，状态: normal

2025-05-14 00:00:28,789 - 
检查信号数据: Shibor_9M_45D_9_combine
2025-05-14 00:00:28,790 - 数据路径: D:\Signal\signal_boost\prod\Shibor_9M_45D_9_combine
2025-05-14 00:00:29,080 - 所有工作日数据完整
2025-05-14 00:00:29,080 - 最新数据日期: 2025-05-14
2025-05-14 00:00:29,080 - 信号 Shibor_9M_45D_9_combine 检查完成，状态: normal

2025-05-14 00:00:34,562 - 
检查信号: Bond_3Y
2025-05-14 00:00:34,572 - 文件 ChinaGovernmentBonds.csv 数据完整
2025-05-14 00:00:34,572 - 信号 Bond_3Y 检查完成，状态: normal

2025-05-14 00:00:34,572 - 
检查信号数据: Bond_3Y_90D_9_combine
2025-05-14 00:00:34,572 - 数据路径: D:\Signal\signal_boost\prod\Bond_3Y_90D_9_combine
2025-05-14 00:00:34,857 - 所有工作日数据完整
2025-05-14 00:00:34,857 - 最新数据日期: 2025-05-14
2025-05-14 00:00:34,857 - 信号 Bond_3Y_90D_9_combine 检查完成，状态: normal

2025-05-14 00:00:40,991 - 
检查信号: Bond_10Y
2025-05-14 00:00:41,000 - 文件 ChinaGovernmentBonds.csv 数据完整
2025-05-14 00:00:41,000 - 信号 Bond_10Y 检查完成，状态: normal

2025-05-14 00:00:41,001 - 
检查信号数据: Bond_10Y_90D_9_combine
2025-05-14 00:00:41,001 - 数据路径: D:\Signal\signal_boost\prod\Bond_10Y_90D_9_combine
2025-05-14 00:00:41,285 - 所有工作日数据完整
2025-05-14 00:00:41,285 - 最新数据日期: 2025-05-14
2025-05-14 00:00:41,285 - 信号 Bond_10Y_90D_9_combine 检查完成，状态: normal

2025-05-14 00:00:47,349 - 
检查信号: USDX
2025-05-14 00:00:47,359 - 文件 UsDollar.csv 数据完整
2025-05-14 00:00:47,359 - 信号 USDX 检查完成，状态: normal

2025-05-14 00:00:47,359 - 
检查信号数据: USDX_120D_9_combine
2025-05-14 00:00:47,359 - 数据路径: D:\Signal\signal_boost\prod\USDX_120D_9_combine
2025-05-14 00:00:47,640 - 所有工作日数据完整
2025-05-14 00:00:47,641 - 最新数据日期: 2025-05-14
2025-05-14 00:00:47,641 - 信号 USDX_120D_9_combine 检查完成，状态: normal

2025-05-14 00:00:53,737 - 
检查信号: TermSpread_9Y
2025-05-14 00:00:53,747 - 文件 ChinaDevelopmentBankBonds.csv 数据完整
2025-05-14 00:00:53,747 - 信号 TermSpread_9Y 检查完成，状态: normal

2025-05-14 00:00:53,747 - 
检查信号数据: TermSpread_9Y_120D_9_combine
2025-05-14 00:00:53,748 - 数据路径: D:\Signal\signal_boost\prod\TermSpread_9Y_120D_9_combine
2025-05-14 00:00:54,020 - 所有工作日数据完整
2025-05-14 00:00:54,021 - 最新数据日期: 2025-05-14
2025-05-14 00:00:54,021 - 信号 TermSpread_9Y_120D_9_combine 检查完成，状态: normal

2025-05-14 00:01:00,010 - 
检查信号: M1M2
2025-05-14 00:01:00,022 - 文件 M1M2.csv 数据完整
2025-05-14 00:01:00,022 - 信号 M1M2 检查完成，状态: normal

2025-05-14 00:01:00,022 - 
检查信号数据: M1M2_90D_9_combine
2025-05-14 00:01:00,023 - 数据路径: D:\Signal\signal_boost\prod\M1M2_90D_9_combine
2025-05-14 00:01:00,299 - 所有工作日数据完整
2025-05-14 00:01:00,299 - 最新数据日期: 2025-05-14
2025-05-14 00:01:00,299 - 信号 M1M2_90D_9_combine 检查完成，状态: normal

2025-05-14 00:01:07,051 - 
检查信号: RelativeVolume_std
2025-05-14 00:01:07,064 - 文件 IndexVolume.csv 数据完整
2025-05-14 00:01:07,065 - 信号 RelativeVolume_std 检查完成，状态: normal

2025-05-14 00:01:07,065 - 
检查信号数据: RelativeVolume_std_20D_9_combine
2025-05-14 00:01:07,065 - 数据路径: D:\Signal\signal_boost\prod\RelativeVolume_std_20D_9_combine
2025-05-14 00:01:07,380 - 所有工作日数据完整
2025-05-14 00:01:07,380 - 最新数据日期: 2025-05-14
2025-05-14 00:01:07,380 - 信号 RelativeVolume_std_20D_9_combine 检查完成，状态: normal

2025-05-14 00:01:12,691 - 
检查信号: RelativeReturn_std
2025-05-14 00:01:12,714 - 文件 index_return.csv 数据完整
2025-05-14 00:01:12,714 - 信号 RelativeReturn_std 检查完成，状态: normal

2025-05-14 00:01:12,714 - 
检查信号数据: RelativeReturn_std_20D_9_combine
2025-05-14 00:01:12,714 - 数据路径: D:\Signal\signal_boost\prod\RelativeReturn_std_20D_9_combine
2025-05-14 00:01:13,038 - 所有工作日数据完整
2025-05-14 00:01:13,039 - 最新数据日期: 2025-05-14
2025-05-14 00:01:13,039 - 信号 RelativeReturn_std_20D_9_combine 检查完成，状态: normal

2025-05-14 00:01:18,397 - 
检查信号: EarningsYield_Reverse
2025-05-14 00:01:18,410 - 文件 ygData.csv 数据完整
2025-05-14 00:01:18,411 - 信号 EarningsYield_Reverse 检查完成，状态: normal

2025-05-14 00:01:18,411 - 
检查信号数据: EarningsYield_Reverse_1D_9_combine
2025-05-14 00:01:18,411 - 数据路径: D:\Signal\signal_boost\prod\EarningsYield_Reverse_1D_9_combine
2025-05-14 00:01:18,719 - 所有工作日数据完整
2025-05-14 00:01:18,719 - 最新数据日期: 2025-05-14
2025-05-14 00:01:18,719 - 信号 EarningsYield_Reverse_1D_9_combine 检查完成，状态: normal

2025-05-14 00:01:23,874 - 
检查信号: Growth
2025-05-14 00:01:23,888 - 文件 ygData.csv 数据完整
2025-05-14 00:01:23,888 - 信号 Growth 检查完成，状态: normal

2025-05-14 00:01:23,889 - 
检查信号数据: Growth_1D_9_combine
2025-05-14 00:01:23,889 - 数据路径: D:\Signal\signal_boost\prod\Growth_1D_9_combine
2025-05-14 00:01:24,196 - 所有工作日数据完整
2025-05-14 00:01:24,197 - 最新数据日期: 2025-05-14
2025-05-14 00:01:24,197 - 信号 Growth_1D_9_combine 检查完成，状态: normal

2025-05-14 00:01:29,354 - 
检查信号: LHBProportion
2025-05-14 00:01:29,363 - 文件 LHB_AMT_proportion.csv 数据完整
2025-05-14 00:01:29,376 - 文件 IndexAmt.csv 数据完整
2025-05-14 00:01:29,377 - 信号 LHBProportion 检查完成，状态: normal

2025-05-14 00:01:29,377 - 
检查信号数据: LHBProportion_1D_9_combine
2025-05-14 00:01:29,377 - 数据路径: D:\Signal\signal_boost\prod\LHBProportion_1D_9_combine
2025-05-14 00:01:29,685 - 所有工作日数据完整
2025-05-14 00:01:29,685 - 最新数据日期: 2025-05-14
2025-05-14 00:01:29,685 - 信号 LHBProportion_1D_9_combine 检查完成，状态: normal

2025-05-14 00:01:34,835 - 
检查信号: NLBP_difference
2025-05-14 00:01:34,844 - 文件 NetLeverageBuying.csv 数据完整
2025-05-14 00:01:34,844 - 信号 NLBP_difference 检查完成，状态: normal

2025-05-14 00:01:34,844 - 
检查信号数据: NLBP_difference_1D_9_combine
2025-05-14 00:01:34,844 - 数据路径: D:\Signal\signal_boost\prod\NLBP_difference_1D_9_combine
2025-05-14 00:01:35,161 - 所有工作日数据完整
2025-05-14 00:01:35,162 - 最新数据日期: 2025-05-14
2025-05-14 00:01:35,162 - 信号 NLBP_difference_1D_9_combine 检查完成，状态: normal

2025-05-14 00:01:40,367 - 
检查信号: LargeOrder_difference
2025-05-14 00:01:40,377 - 文件 LargeOrderInflow.csv 数据完整
2025-05-14 00:01:40,377 - 信号 LargeOrder_difference 检查完成，状态: normal

2025-05-14 00:01:40,377 - 
检查信号数据: LargeOrder_difference_1D_9_combine
2025-05-14 00:01:40,378 - 数据路径: D:\Signal\signal_boost\prod\LargeOrder_difference_1D_9_combine
2025-05-14 00:01:40,666 - 所有工作日数据完整
2025-05-14 00:01:40,666 - 最新数据日期: 2025-05-14
2025-05-14 00:01:40,666 - 信号 LargeOrder_difference_1D_9_combine 检查完成，状态: normal

2025-05-14 00:01:44,839 - 
检查信号: Monthly_effect
2025-05-14 00:01:44,861 - 文件 index_return.csv 数据完整
2025-05-14 00:01:44,861 - 信号 Monthly_effect 检查完成，状态: normal

2025-05-14 00:01:44,862 - 
检查信号数据: Monthly_effect_1D_9_combine
2025-05-14 00:01:44,862 - 数据路径: D:\Signal\signal_boost\prod\Monthly_effect_1D_9_combine
2025-05-14 00:01:45,188 - 所有工作日数据完整
2025-05-14 00:01:45,188 - 最新数据日期: 2025-05-14
2025-05-14 00:01:45,188 - 信号 Monthly_effect_1D_9_combine 检查完成，状态: normal

2025-05-14 00:01:53,752 - 
检查信号: CPI
2025-05-14 00:01:53,763 - 文件 CPI.csv 数据完整
2025-05-14 00:01:53,763 - 信号 CPI 检查完成，状态: normal

2025-05-14 00:01:53,763 - 
检查信号数据: CPI_1D_9_combine
2025-05-14 00:01:53,763 - 数据路径: D:\Signal\signal_boost\prod\CPI_1D_9_combine
2025-05-14 00:01:54,081 - 所有工作日数据完整
2025-05-14 00:01:54,082 - 最新数据日期: 2025-05-14
2025-05-14 00:01:54,082 - 信号 CPI_1D_9_combine 检查完成，状态: normal

2025-05-14 00:01:59,800 - 
检查信号: PPI
2025-05-14 00:01:59,811 - 文件 PPI.csv 数据完整
2025-05-14 00:01:59,811 - 信号 PPI 检查完成，状态: normal

2025-05-14 00:01:59,811 - 
检查信号数据: PPI_1D_9_combine
2025-05-14 00:01:59,811 - 数据路径: D:\Signal\signal_boost\prod\PPI_1D_9_combine
2025-05-14 00:02:00,133 - 所有工作日数据完整
2025-05-14 00:02:00,133 - 最新数据日期: 2025-05-14
2025-05-14 00:02:00,133 - 信号 PPI_1D_9_combine 检查完成，状态: normal

2025-05-14 00:02:05,866 - 
检查信号: PMI
2025-05-14 00:02:05,877 - 文件 PMI.csv 数据完整
2025-05-14 00:02:05,877 - 信号 PMI 检查完成，状态: normal

2025-05-14 00:02:05,878 - 
检查信号数据: PMI_1D_9_combine
2025-05-14 00:02:05,878 - 数据路径: D:\Signal\signal_boost\prod\PMI_1D_9_combine
2025-05-14 00:02:06,199 - 所有工作日数据完整
2025-05-14 00:02:06,199 - 最新数据日期: 2025-05-14
2025-05-14 00:02:06,199 - 信号 PMI_1D_9_combine 检查完成，状态: normal

2025-05-14 00:02:11,919 - 
检查信号: Stock_HL
2025-05-14 00:02:14,325 - 文件 stock_close.csv 数据完整
2025-05-14 00:02:14,325 - 信号 Stock_HL 检查完成，状态: normal

2025-05-14 00:02:14,325 - 
检查信号数据: Stock_HL_1D_9_combine
2025-05-14 00:02:14,325 - 数据路径: D:\Signal\signal_boost\prod\Stock_HL_1D_9_combine
2025-05-14 00:02:14,607 - 所有工作日数据完整
2025-05-14 00:02:14,608 - 最新数据日期: 2025-05-14
2025-05-14 00:02:14,608 - 信号 Stock_HL_1D_9_combine 检查完成，状态: normal

2025-05-14 00:02:42,707 - 
检查信号: Rsi_difference
2025-05-14 00:02:45,002 - 文件 stock_close.csv 数据完整
2025-05-14 00:02:45,002 - 信号 Rsi_difference 检查完成，状态: normal

2025-05-14 00:02:45,003 - 
检查信号数据: Rsi_difference_1D_9_combine
2025-05-14 00:02:45,003 - 数据路径: D:\Signal\signal_boost\prod\Rsi_difference_1D_9_combine
2025-05-14 00:02:45,295 - 所有工作日数据完整
2025-05-14 00:02:45,295 - 最新数据日期: 2025-05-14
2025-05-14 00:02:45,295 - 信号 Rsi_difference_1D_9_combine 检查完成，状态: normal

2025-05-14 00:03:13,402 - 
检查信号: RaisingTrend_proportion
2025-05-14 00:03:15,709 - 文件 stock_close.csv 数据完整
2025-05-14 00:03:15,709 - 信号 RaisingTrend_proportion 检查完成，状态: normal

2025-05-14 00:03:15,709 - 
检查信号数据: RaisingTrend_proportion_1D_9_combine
2025-05-14 00:03:15,709 - 数据路径: D:\Signal\signal_boost\prod\RaisingTrend_proportion_1D_9_combine
2025-05-14 00:03:15,968 - 所有工作日数据完整
2025-05-14 00:03:15,968 - 最新数据日期: 2025-05-14
2025-05-14 00:03:15,968 - 信号 RaisingTrend_proportion_1D_9_combine 检查完成，状态: normal

2025-05-14 00:03:32,678 - 
检查信号: TargetIndex_MACD
2025-05-14 00:03:32,702 - 文件 index_return.csv 数据完整
2025-05-14 00:03:32,702 - 信号 TargetIndex_MACD 检查完成，状态: normal

2025-05-14 00:03:32,702 - 
检查信号数据: TargetIndex_MACD_1D_9_combine
2025-05-14 00:03:32,702 - 数据路径: D:\Signal\signal_boost\prod\TargetIndex_MACD_1D_9_combine
2025-05-14 00:03:33,024 - 所有工作日数据完整
2025-05-14 00:03:33,024 - 最新数据日期: 2025-05-14
2025-05-14 00:03:33,025 - 信号 TargetIndex_MACD_1D_9_combine 检查完成，状态: normal

2025-05-14 00:03:38,322 - 
检查信号: TargetIndex_BBANDS
2025-05-14 00:03:38,345 - 文件 index_return.csv 数据完整
2025-05-14 00:03:38,345 - 信号 TargetIndex_BBANDS 检查完成，状态: normal

2025-05-14 00:03:38,345 - 
检查信号数据: TargetIndex_BBANDS_1D_9_combine
2025-05-14 00:03:38,345 - 数据路径: D:\Signal\signal_boost\prod\TargetIndex_BBANDS_1D_9_combine
2025-05-14 00:03:38,672 - 所有工作日数据完整
2025-05-14 00:03:38,672 - 最新数据日期: 2025-05-14
2025-05-14 00:03:38,672 - 信号 TargetIndex_BBANDS_1D_9_combine 检查完成，状态: normal

2025-05-14 00:03:43,980 - 
检查信号: TargetIndex_MOMENTUM
2025-05-14 00:03:44,003 - 文件 index_return.csv 数据完整
2025-05-14 00:03:44,003 - 信号 TargetIndex_MOMENTUM 检查完成，状态: normal

2025-05-14 00:03:44,003 - 
检查信号数据: TargetIndex_MOMENTUM_1D_9_combine
2025-05-14 00:03:44,003 - 数据路径: D:\Signal\signal_boost\prod\TargetIndex_MOMENTUM_1D_9_combine
2025-05-14 00:03:44,328 - 所有工作日数据完整
2025-05-14 00:03:44,328 - 最新数据日期: 2025-05-14
2025-05-14 00:03:44,328 - 信号 TargetIndex_MOMENTUM_1D_9_combine 检查完成，状态: normal

2025-05-14 00:03:49,607 - 
检查信号: TargetIndex_PSA
2025-05-14 00:03:49,620 - 文件 IndexClose.csv 数据完整
2025-05-14 00:03:49,633 - 文件 IndexHigh.csv 数据完整
2025-05-14 00:03:49,646 - 文件 IndexLow.csv 数据完整
2025-05-14 00:03:49,646 - 信号 TargetIndex_PSA 检查完成，状态: normal

2025-05-14 00:03:49,646 - 
检查信号数据: TargetIndex_PSA_1D_9_combine
2025-05-14 00:03:49,646 - 数据路径: D:\Signal\signal_boost\prod\TargetIndex_PSA_1D_9_combine
2025-05-14 00:03:49,968 - 所有工作日数据完整
2025-05-14 00:03:49,969 - 最新数据日期: 2025-05-14
2025-05-14 00:03:49,969 - 信号 TargetIndex_PSA_1D_9_combine 检查完成，状态: normal

2025-05-14 00:03:55,489 - 
检查信号: TargetIndex_MOMENTUM2
2025-05-14 00:03:55,512 - 文件 index_return.csv 数据完整
2025-05-14 00:03:55,512 - 信号 TargetIndex_MOMENTUM2 检查完成，状态: normal

2025-05-14 00:03:55,512 - 
检查信号数据: TargetIndex_MOMENTUM2_1D_9_combine
2025-05-14 00:03:55,512 - 数据路径: D:\Signal\signal_boost\prod\TargetIndex_MOMENTUM2_1D_9_combine
2025-05-14 00:03:55,836 - 所有工作日数据完整
2025-05-14 00:03:55,836 - 最新数据日期: 2025-05-14
2025-05-14 00:03:55,836 - 信号 TargetIndex_MOMENTUM2_1D_9_combine 检查完成，状态: normal

2025-05-14 00:04:02,414 - 
检查信号: TargetIndex_REVERSE
2025-05-14 00:04:02,437 - 文件 index_return.csv 数据完整
2025-05-14 00:04:02,443 - 文件 vix_timeWeight.csv 数据完整
2025-05-14 00:04:02,443 - 信号 TargetIndex_REVERSE 检查完成，状态: normal

2025-05-14 00:04:02,443 - 
检查信号数据: TargetIndex_REVERSE_1D_9_combine
2025-05-14 00:04:02,443 - 数据路径: D:\Signal\signal_boost\prod\TargetIndex_REVERSE_1D_9_combine
2025-05-14 00:04:02,767 - 所有工作日数据完整
2025-05-14 00:04:02,767 - 最新数据日期: 2025-05-14
2025-05-14 00:04:02,767 - 信号 TargetIndex_REVERSE_1D_9_combine 检查完成，状态: normal

2025-05-14 00:04:09,360 - 
检查信号: Future_difference
2025-05-14 00:04:09,368 - 文件 indexFutureDifference.csv 数据完整
2025-05-14 00:04:09,368 - 信号 Future_difference 检查完成，状态: normal

2025-05-14 00:04:09,368 - 
检查信号数据: Future_difference_1D_9_combine
2025-05-14 00:04:09,368 - 数据路径: D:\Signal\signal_boost\prod\Future_difference_1D_9_combine
2025-05-14 00:04:09,639 - 所有工作日数据完整
2025-05-14 00:04:09,639 - 最新数据日期: 2025-05-14
2025-05-14 00:04:09,639 - 信号 Future_difference_1D_9_combine 检查完成，状态: normal

2025-05-14 00:04:14,581 - 
检查信号: RRScore_difference
2025-05-14 00:04:14,589 - 文件 indexrrScoreDifference.csv 数据完整
2025-05-14 00:04:14,590 - 信号 RRScore_difference 检查完成，状态: normal

2025-05-14 00:04:14,590 - 
检查信号数据: RRScore_difference_1D_9_combine
2025-05-14 00:04:14,590 - 数据路径: D:\Signal\signal_boost\prod\RRScore_difference_1D_9_combine
2025-05-14 00:04:14,882 - 所有工作日数据完整
2025-05-14 00:04:14,882 - 最新数据日期: 2025-05-14
2025-05-14 00:04:14,882 - 信号 RRScore_difference_1D_9_combine 检查完成，状态: normal

2025-05-14 21:10:58,241 - 开始数据检查 - 检查期间: 2024-05-14 到 2025-05-14
2025-05-14 21:10:58,241 - 目标日期: 2025-05-14
2025-05-14 21:10:58,255 - 
检查信号: CreditSpread_9M
2025-05-14 21:10:58,266 - 文件 ChinaDevelopmentBankBonds.csv 数据完整
2025-05-14 21:10:58,279 - 文件 ChinaMediumTermNotes.csv 数据完整
2025-05-14 21:10:58,280 - 信号 CreditSpread_9M 检查完成，状态: normal

2025-05-14 21:10:58,281 - 
检查信号数据: CreditSpread_9M_1D_9_combine
2025-05-14 21:10:58,281 - 数据路径: D:\Signal\signal_boost\prod\CreditSpread_9M_1D_9_combine
2025-05-14 21:10:58,584 - 所有工作日数据完整
2025-05-14 21:10:58,585 - 最新数据日期: 2025-05-14
2025-05-14 21:10:58,588 - 信号 CreditSpread_9M_1D_9_combine 检查完成，状态: normal

2025-05-14 21:11:03,956 - 
检查信号: CreditSpread_5Y
2025-05-14 21:11:03,966 - 文件 ChinaDevelopmentBankBonds.csv 数据完整
2025-05-14 21:11:03,976 - 文件 ChinaMediumTermNotes.csv 数据完整
2025-05-14 21:11:03,976 - 信号 CreditSpread_5Y 检查完成，状态: normal

2025-05-14 21:11:03,976 - 
检查信号数据: CreditSpread_5Y_1D_9_combine
2025-05-14 21:11:03,976 - 数据路径: D:\Signal\signal_boost\prod\CreditSpread_5Y_1D_9_combine
2025-05-14 21:11:04,290 - 所有工作日数据完整
2025-05-14 21:11:04,290 - 最新数据日期: 2025-05-14
2025-05-14 21:11:04,290 - 信号 CreditSpread_5Y_1D_9_combine 检查完成，状态: normal

2025-05-14 21:11:09,499 - 
检查信号: Shibor_2W
2025-05-14 21:11:09,508 - 文件 Shibor.csv 数据完整
2025-05-14 21:11:09,509 - 信号 Shibor_2W 检查完成，状态: normal

2025-05-14 21:11:09,509 - 
检查信号数据: Shibor_2W_45D_9_combine
2025-05-14 21:11:09,509 - 数据路径: D:\Signal\signal_boost\prod\Shibor_2W_45D_9_combine
2025-05-14 21:11:09,799 - 所有工作日数据完整
2025-05-14 21:11:09,799 - 最新数据日期: 2025-05-14
2025-05-14 21:11:09,800 - 信号 Shibor_2W_45D_9_combine 检查完成，状态: normal

2025-05-14 21:11:16,758 - 
检查信号: Shibor_9M
2025-05-14 21:11:16,767 - 文件 Shibor.csv 数据完整
2025-05-14 21:11:16,767 - 信号 Shibor_9M 检查完成，状态: normal

2025-05-14 21:11:16,769 - 
检查信号数据: Shibor_9M_45D_9_combine
2025-05-14 21:11:16,769 - 数据路径: D:\Signal\signal_boost\prod\Shibor_9M_45D_9_combine
2025-05-14 21:11:17,059 - 所有工作日数据完整
2025-05-14 21:11:17,059 - 最新数据日期: 2025-05-14
2025-05-14 21:11:17,060 - 信号 Shibor_9M_45D_9_combine 检查完成，状态: normal

2025-05-14 21:11:22,746 - 
检查信号: Bond_3Y
2025-05-14 21:11:22,756 - 文件 ChinaGovernmentBonds.csv 数据完整
2025-05-14 21:11:22,756 - 信号 Bond_3Y 检查完成，状态: normal

2025-05-14 21:11:22,756 - 
检查信号数据: Bond_3Y_90D_9_combine
2025-05-14 21:11:22,757 - 数据路径: D:\Signal\signal_boost\prod\Bond_3Y_90D_9_combine
2025-05-14 21:11:23,039 - 所有工作日数据完整
2025-05-14 21:11:23,039 - 最新数据日期: 2025-05-14
2025-05-14 21:11:23,040 - 信号 Bond_3Y_90D_9_combine 检查完成，状态: normal

2025-05-14 21:11:30,166 - 
检查信号: Bond_10Y
2025-05-14 21:11:30,175 - 文件 ChinaGovernmentBonds.csv 数据完整
2025-05-14 21:11:30,176 - 信号 Bond_10Y 检查完成，状态: normal

2025-05-14 21:11:30,176 - 
检查信号数据: Bond_10Y_90D_9_combine
2025-05-14 21:11:30,177 - 数据路径: D:\Signal\signal_boost\prod\Bond_10Y_90D_9_combine
2025-05-14 21:11:30,460 - 所有工作日数据完整
2025-05-14 21:11:30,460 - 最新数据日期: 2025-05-14
2025-05-14 21:11:30,461 - 信号 Bond_10Y_90D_9_combine 检查完成，状态: normal

2025-05-14 21:11:37,541 - 
检查信号: USDX
2025-05-14 21:11:37,550 - 文件 UsDollar.csv 数据完整
2025-05-14 21:11:37,551 - 信号 USDX 检查完成，状态: normal

2025-05-14 21:11:37,551 - 
检查信号数据: USDX_120D_9_combine
2025-05-14 21:11:37,552 - 数据路径: D:\Signal\signal_boost\prod\USDX_120D_9_combine
2025-05-14 21:11:37,830 - 所有工作日数据完整
2025-05-14 21:11:37,830 - 最新数据日期: 2025-05-14
2025-05-14 21:11:37,831 - 信号 USDX_120D_9_combine 检查完成，状态: normal

2025-05-14 21:11:45,084 - 
检查信号: TermSpread_9Y
2025-05-14 21:11:45,095 - 文件 ChinaDevelopmentBankBonds.csv 数据完整
2025-05-14 21:11:45,095 - 信号 TermSpread_9Y 检查完成，状态: normal

2025-05-14 21:11:45,095 - 
检查信号数据: TermSpread_9Y_120D_9_combine
2025-05-14 21:11:45,096 - 数据路径: D:\Signal\signal_boost\prod\TermSpread_9Y_120D_9_combine
2025-05-14 21:11:45,368 - 所有工作日数据完整
2025-05-14 21:11:45,368 - 最新数据日期: 2025-05-14
2025-05-14 21:11:45,369 - 信号 TermSpread_9Y_120D_9_combine 检查完成，状态: normal

2025-05-14 21:11:52,507 - 
检查信号: M1M2
2025-05-14 21:11:52,518 - 文件 M1M2.csv 数据完整
2025-05-14 21:11:52,518 - 信号 M1M2 检查完成，状态: normal

2025-05-14 21:11:52,519 - 
检查信号数据: M1M2_90D_9_combine
2025-05-14 21:11:52,519 - 数据路径: D:\Signal\signal_boost\prod\M1M2_90D_9_combine
2025-05-14 21:11:52,794 - 所有工作日数据完整
2025-05-14 21:11:52,794 - 最新数据日期: 2025-05-14
2025-05-14 21:11:52,795 - 信号 M1M2_90D_9_combine 检查完成，状态: normal

2025-05-14 21:12:00,035 - 
检查信号: RelativeVolume_std
2025-05-14 21:12:00,049 - 文件 IndexVolume.csv 数据完整
2025-05-14 21:12:00,050 - 信号 RelativeVolume_std 检查完成，状态: normal

2025-05-14 21:12:00,050 - 
检查信号数据: RelativeVolume_std_20D_9_combine
2025-05-14 21:12:00,050 - 数据路径: D:\Signal\signal_boost\prod\RelativeVolume_std_20D_9_combine
2025-05-14 21:12:00,364 - 所有工作日数据完整
2025-05-14 21:12:00,364 - 最新数据日期: 2025-05-14
2025-05-14 21:12:00,365 - 信号 RelativeVolume_std_20D_9_combine 检查完成，状态: normal

2025-05-14 21:12:05,798 - 
检查信号: RelativeReturn_std
2025-05-14 21:12:05,821 - 文件 index_return.csv 数据完整
2025-05-14 21:12:05,821 - 信号 RelativeReturn_std 检查完成，状态: normal

2025-05-14 21:12:05,822 - 
检查信号数据: RelativeReturn_std_20D_9_combine
2025-05-14 21:12:05,823 - 数据路径: D:\Signal\signal_boost\prod\RelativeReturn_std_20D_9_combine
2025-05-14 21:12:06,143 - 所有工作日数据完整
2025-05-14 21:12:06,143 - 最新数据日期: 2025-05-14
2025-05-14 21:12:06,144 - 信号 RelativeReturn_std_20D_9_combine 检查完成，状态: normal

2025-05-14 21:12:11,675 - 
检查信号: EarningsYield_Reverse
2025-05-14 21:12:11,688 - 文件 ygData.csv 数据完整
2025-05-14 21:12:11,689 - 信号 EarningsYield_Reverse 检查完成，状态: normal

2025-05-14 21:12:11,689 - 
检查信号数据: EarningsYield_Reverse_1D_9_combine
2025-05-14 21:12:11,690 - 数据路径: D:\Signal\signal_boost\prod\EarningsYield_Reverse_1D_9_combine
2025-05-14 21:12:11,999 - 所有工作日数据完整
2025-05-14 21:12:11,999 - 最新数据日期: 2025-05-14
2025-05-14 21:12:12,000 - 信号 EarningsYield_Reverse_1D_9_combine 检查完成，状态: normal

2025-05-14 21:12:17,185 - 
检查信号: Growth
2025-05-14 21:12:17,199 - 文件 ygData.csv 数据完整
2025-05-14 21:12:17,199 - 信号 Growth 检查完成，状态: normal

2025-05-14 21:12:17,199 - 
检查信号数据: Growth_1D_9_combine
2025-05-14 21:12:17,199 - 数据路径: D:\Signal\signal_boost\prod\Growth_1D_9_combine
2025-05-14 21:12:17,509 - 所有工作日数据完整
2025-05-14 21:12:17,509 - 最新数据日期: 2025-05-14
2025-05-14 21:12:17,510 - 信号 Growth_1D_9_combine 检查完成，状态: normal

2025-05-14 21:12:22,698 - 
检查信号: LHBProportion
2025-05-14 21:12:22,707 - 文件 LHB_AMT_proportion.csv 数据完整
2025-05-14 21:12:22,720 - 文件 IndexAmt.csv 数据完整
2025-05-14 21:12:22,721 - 信号 LHBProportion 检查完成，状态: normal

2025-05-14 21:12:22,722 - 
检查信号数据: LHBProportion_1D_9_combine
2025-05-14 21:12:22,722 - 数据路径: D:\Signal\signal_boost\prod\LHBProportion_1D_9_combine
2025-05-14 21:12:23,032 - 所有工作日数据完整
2025-05-14 21:12:23,033 - 最新数据日期: 2025-05-14
2025-05-14 21:12:23,034 - 信号 LHBProportion_1D_9_combine 检查完成，状态: normal

2025-05-14 21:12:28,217 - 
检查信号: NLBP_difference
2025-05-14 21:12:28,225 - 文件 NetLeverageBuying.csv 数据完整
2025-05-14 21:12:28,226 - 信号 NLBP_difference 检查完成，状态: normal

2025-05-14 21:12:28,226 - 
检查信号数据: NLBP_difference_1D_9_combine
2025-05-14 21:12:28,226 - 数据路径: D:\Signal\signal_boost\prod\NLBP_difference_1D_9_combine
2025-05-14 21:12:28,543 - 所有工作日数据完整
2025-05-14 21:12:28,543 - 最新数据日期: 2025-05-14
2025-05-14 21:12:28,544 - 信号 NLBP_difference_1D_9_combine 检查完成，状态: normal

2025-05-14 21:12:33,751 - 
检查信号: LargeOrder_difference
2025-05-14 21:12:33,761 - 文件 LargeOrderInflow.csv 数据完整
2025-05-14 21:12:33,761 - 信号 LargeOrder_difference 检查完成，状态: normal

2025-05-14 21:12:33,761 - 
检查信号数据: LargeOrder_difference_1D_9_combine
2025-05-14 21:12:33,761 - 数据路径: D:\Signal\signal_boost\prod\LargeOrder_difference_1D_9_combine
2025-05-14 21:12:34,045 - 所有工作日数据完整
2025-05-14 21:12:34,045 - 最新数据日期: 2025-05-14
2025-05-14 21:12:34,047 - 信号 LargeOrder_difference_1D_9_combine 检查完成，状态: normal

2025-05-14 21:12:38,265 - 
检查信号: Monthly_effect
2025-05-14 21:12:38,288 - 文件 index_return.csv 数据完整
2025-05-14 21:12:38,288 - 信号 Monthly_effect 检查完成，状态: normal

2025-05-14 21:12:38,289 - 
检查信号数据: Monthly_effect_1D_9_combine
2025-05-14 21:12:38,289 - 数据路径: D:\Signal\signal_boost\prod\Monthly_effect_1D_9_combine
2025-05-14 21:12:38,613 - 所有工作日数据完整
2025-05-14 21:12:38,613 - 最新数据日期: 2025-05-14
2025-05-14 21:12:38,614 - 信号 Monthly_effect_1D_9_combine 检查完成，状态: normal

2025-05-14 21:12:47,236 - 
检查信号: CPI
2025-05-14 21:12:47,247 - 文件 CPI.csv 数据完整
2025-05-14 21:12:47,248 - 信号 CPI 检查完成，状态: normal

2025-05-14 21:12:47,248 - 
检查信号数据: CPI_1D_9_combine
2025-05-14 21:12:47,248 - 数据路径: D:\Signal\signal_boost\prod\CPI_1D_9_combine
2025-05-14 21:12:47,568 - 所有工作日数据完整
2025-05-14 21:12:47,569 - 最新数据日期: 2025-05-14
2025-05-14 21:12:47,570 - 信号 CPI_1D_9_combine 检查完成，状态: normal

2025-05-14 21:12:53,310 - 
检查信号: PPI
2025-05-14 21:12:53,322 - 文件 PPI.csv 数据完整
2025-05-14 21:12:53,322 - 信号 PPI 检查完成，状态: normal

2025-05-14 21:12:53,322 - 
检查信号数据: PPI_1D_9_combine
2025-05-14 21:12:53,322 - 数据路径: D:\Signal\signal_boost\prod\PPI_1D_9_combine
2025-05-14 21:12:53,643 - 所有工作日数据完整
2025-05-14 21:12:53,643 - 最新数据日期: 2025-05-14
2025-05-14 21:12:53,645 - 信号 PPI_1D_9_combine 检查完成，状态: normal

2025-05-14 21:12:59,362 - 
检查信号: PMI
2025-05-14 21:12:59,373 - 文件 PMI.csv 数据完整
2025-05-14 21:12:59,373 - 信号 PMI 检查完成，状态: normal

2025-05-14 21:12:59,373 - 
检查信号数据: PMI_1D_9_combine
2025-05-14 21:12:59,374 - 数据路径: D:\Signal\signal_boost\prod\PMI_1D_9_combine
2025-05-14 21:12:59,693 - 所有工作日数据完整
2025-05-14 21:12:59,693 - 最新数据日期: 2025-05-14
2025-05-14 21:12:59,695 - 信号 PMI_1D_9_combine 检查完成，状态: normal

2025-05-14 21:13:05,448 - 
检查信号: Stock_HL
2025-05-14 21:13:07,735 - 文件 stock_close.csv 数据完整
2025-05-14 21:13:07,735 - 信号 Stock_HL 检查完成，状态: normal

2025-05-14 21:13:07,736 - 
检查信号数据: Stock_HL_1D_9_combine
2025-05-14 21:13:07,737 - 数据路径: D:\Signal\signal_boost\prod\Stock_HL_1D_9_combine
2025-05-14 21:13:08,018 - 所有工作日数据完整
2025-05-14 21:13:08,018 - 最新数据日期: 2025-05-14
2025-05-14 21:13:08,019 - 信号 Stock_HL_1D_9_combine 检查完成，状态: normal

2025-05-14 21:13:35,964 - 
检查信号: Rsi_difference
2025-05-14 21:13:38,238 - 文件 stock_close.csv 数据完整
2025-05-14 21:13:38,238 - 信号 Rsi_difference 检查完成，状态: normal

2025-05-14 21:13:38,239 - 
检查信号数据: Rsi_difference_1D_9_combine
2025-05-14 21:13:38,239 - 数据路径: D:\Signal\signal_boost\prod\Rsi_difference_1D_9_combine
2025-05-14 21:13:38,530 - 所有工作日数据完整
2025-05-14 21:13:38,530 - 最新数据日期: 2025-05-14
2025-05-14 21:13:38,531 - 信号 Rsi_difference_1D_9_combine 检查完成，状态: normal

2025-05-14 21:14:06,540 - 
检查信号: RaisingTrend_proportion
2025-05-14 21:14:08,814 - 文件 stock_close.csv 数据完整
2025-05-14 21:14:08,815 - 信号 RaisingTrend_proportion 检查完成，状态: normal

2025-05-14 21:14:08,816 - 
检查信号数据: RaisingTrend_proportion_1D_9_combine
2025-05-14 21:14:08,816 - 数据路径: D:\Signal\signal_boost\prod\RaisingTrend_proportion_1D_9_combine
2025-05-14 21:14:09,074 - 所有工作日数据完整
2025-05-14 21:14:09,074 - 最新数据日期: 2025-05-14
2025-05-14 21:14:09,075 - 信号 RaisingTrend_proportion_1D_9_combine 检查完成，状态: normal

2025-05-14 21:14:25,590 - 
检查信号: TargetIndex_MACD
2025-05-14 21:14:25,613 - 文件 index_return.csv 数据完整
2025-05-14 21:14:25,614 - 信号 TargetIndex_MACD 检查完成，状态: normal

2025-05-14 21:14:25,615 - 
检查信号数据: TargetIndex_MACD_1D_9_combine
2025-05-14 21:14:25,615 - 数据路径: D:\Signal\signal_boost\prod\TargetIndex_MACD_1D_9_combine
2025-05-14 21:14:25,939 - 所有工作日数据完整
2025-05-14 21:14:25,939 - 最新数据日期: 2025-05-14
2025-05-14 21:14:25,940 - 信号 TargetIndex_MACD_1D_9_combine 检查完成，状态: normal

2025-05-14 21:14:31,264 - 
检查信号: TargetIndex_BBANDS
2025-05-14 21:14:31,287 - 文件 index_return.csv 数据完整
2025-05-14 21:14:31,287 - 信号 TargetIndex_BBANDS 检查完成，状态: normal

2025-05-14 21:14:31,288 - 
检查信号数据: TargetIndex_BBANDS_1D_9_combine
2025-05-14 21:14:31,288 - 数据路径: D:\Signal\signal_boost\prod\TargetIndex_BBANDS_1D_9_combine
2025-05-14 21:14:31,611 - 所有工作日数据完整
2025-05-14 21:14:31,611 - 最新数据日期: 2025-05-14
2025-05-14 21:14:31,612 - 信号 TargetIndex_BBANDS_1D_9_combine 检查完成，状态: normal

2025-05-14 21:14:36,955 - 
检查信号: TargetIndex_MOMENTUM
2025-05-14 21:14:36,978 - 文件 index_return.csv 数据完整
2025-05-14 21:14:36,978 - 信号 TargetIndex_MOMENTUM 检查完成，状态: normal

2025-05-14 21:14:36,979 - 
检查信号数据: TargetIndex_MOMENTUM_1D_9_combine
2025-05-14 21:14:36,979 - 数据路径: D:\Signal\signal_boost\prod\TargetIndex_MOMENTUM_1D_9_combine
2025-05-14 21:14:37,302 - 所有工作日数据完整
2025-05-14 21:14:37,302 - 最新数据日期: 2025-05-14
2025-05-14 21:14:37,303 - 信号 TargetIndex_MOMENTUM_1D_9_combine 检查完成，状态: normal

2025-05-14 21:14:42,619 - 
检查信号: TargetIndex_PSA
2025-05-14 21:14:42,633 - 文件 IndexClose.csv 数据完整
2025-05-14 21:14:42,645 - 文件 IndexHigh.csv 数据完整
2025-05-14 21:14:42,658 - 文件 IndexLow.csv 数据完整
2025-05-14 21:14:42,658 - 信号 TargetIndex_PSA 检查完成，状态: normal

2025-05-14 21:14:42,659 - 
检查信号数据: TargetIndex_PSA_1D_9_combine
2025-05-14 21:14:42,659 - 数据路径: D:\Signal\signal_boost\prod\TargetIndex_PSA_1D_9_combine
2025-05-14 21:14:42,981 - 所有工作日数据完整
2025-05-14 21:14:42,982 - 最新数据日期: 2025-05-14
2025-05-14 21:14:42,983 - 信号 TargetIndex_PSA_1D_9_combine 检查完成，状态: normal

2025-05-14 21:14:48,534 - 
检查信号: TargetIndex_MOMENTUM2
2025-05-14 21:14:48,557 - 文件 index_return.csv 数据完整
2025-05-14 21:14:48,557 - 信号 TargetIndex_MOMENTUM2 检查完成，状态: normal

2025-05-14 21:14:48,558 - 
检查信号数据: TargetIndex_MOMENTUM2_1D_9_combine
2025-05-14 21:14:48,558 - 数据路径: D:\Signal\signal_boost\prod\TargetIndex_MOMENTUM2_1D_9_combine
2025-05-14 21:14:48,883 - 所有工作日数据完整
2025-05-14 21:14:48,883 - 最新数据日期: 2025-05-14
2025-05-14 21:14:48,884 - 信号 TargetIndex_MOMENTUM2_1D_9_combine 检查完成，状态: normal

2025-05-14 21:14:55,526 - 
检查信号: TargetIndex_REVERSE
2025-05-14 21:14:55,549 - 文件 index_return.csv 数据完整
2025-05-14 21:14:55,555 - 文件 vix_timeWeight.csv 数据完整
2025-05-14 21:14:55,555 - 信号 TargetIndex_REVERSE 检查完成，状态: normal

2025-05-14 21:14:55,555 - 
检查信号数据: TargetIndex_REVERSE_1D_9_combine
2025-05-14 21:14:55,556 - 数据路径: D:\Signal\signal_boost\prod\TargetIndex_REVERSE_1D_9_combine
2025-05-14 21:14:55,878 - 所有工作日数据完整
2025-05-14 21:14:55,879 - 最新数据日期: 2025-05-14
2025-05-14 21:14:55,880 - 信号 TargetIndex_REVERSE_1D_9_combine 检查完成，状态: normal

2025-05-14 21:15:02,542 - 
检查信号: Future_difference
2025-05-14 21:15:02,550 - 文件 indexFutureDifference.csv 数据完整
2025-05-14 21:15:02,550 - 信号 Future_difference 检查完成，状态: normal

2025-05-14 21:15:02,550 - 
检查信号数据: Future_difference_1D_9_combine
2025-05-14 21:15:02,550 - 数据路径: D:\Signal\signal_boost\prod\Future_difference_1D_9_combine
2025-05-14 21:15:02,825 - 所有工作日数据完整
2025-05-14 21:15:02,825 - 最新数据日期: 2025-05-14
2025-05-14 21:15:02,826 - 信号 Future_difference_1D_9_combine 检查完成，状态: normal

2025-05-14 21:15:07,796 - 
检查信号: RRScore_difference
2025-05-14 21:15:07,804 - 文件 indexrrScoreDifference.csv 数据完整
2025-05-14 21:15:07,804 - 信号 RRScore_difference 检查完成，状态: normal

2025-05-14 21:15:07,804 - 
检查信号数据: RRScore_difference_1D_9_combine
2025-05-14 21:15:07,804 - 数据路径: D:\Signal\signal_boost\prod\RRScore_difference_1D_9_combine
2025-05-14 21:15:08,096 - 所有工作日数据完整
2025-05-14 21:15:08,096 - 最新数据日期: 2025-05-14
2025-05-14 21:15:08,097 - 信号 RRScore_difference_1D_9_combine 检查完成，状态: normal

