2025-05-16 00:00:12,013 - 开始数据检查 - 检查期间: 2024-05-15 到 2025-05-15
2025-05-16 00:00:12,014 - 目标日期: 2025-05-15
2025-05-16 00:00:12,014 - 
检查信号: CreditSpread_9M
2025-05-16 00:00:12,026 - 文件 ChinaDevelopmentBankBonds.csv 数据完整
2025-05-16 00:00:12,036 - 文件 ChinaMediumTermNotes.csv 数据完整
2025-05-16 00:00:12,036 - 信号 CreditSpread_9M 检查完成，状态: normal

2025-05-16 00:00:12,036 - 
检查信号数据: CreditSpread_9M_1D_9_combine
2025-05-16 00:00:12,036 - 数据路径: D:\Signal\signal_boost\prod\CreditSpread_9M_1D_9_combine
2025-05-16 00:00:12,344 - 所有工作日数据完整
2025-05-16 00:00:12,344 - 最新数据日期: 2025-05-16
2025-05-16 00:00:12,345 - 信号 CreditSpread_9M_1D_9_combine 检查完成，状态: normal

2025-05-16 00:00:17,876 - 
检查信号: CreditSpread_5Y
2025-05-16 00:00:17,888 - 文件 ChinaDevelopmentBankBonds.csv 数据完整
2025-05-16 00:00:17,903 - 文件 ChinaMediumTermNotes.csv 数据完整
2025-05-16 00:00:17,903 - 信号 CreditSpread_5Y 检查完成，状态: normal

2025-05-16 00:00:17,903 - 
检查信号数据: CreditSpread_5Y_1D_9_combine
2025-05-16 00:00:17,903 - 数据路径: D:\Signal\signal_boost\prod\CreditSpread_5Y_1D_9_combine
2025-05-16 00:00:18,236 - 所有工作日数据完整
2025-05-16 00:00:18,236 - 最新数据日期: 2025-05-16
2025-05-16 00:00:18,236 - 信号 CreditSpread_5Y_1D_9_combine 检查完成，状态: normal

2025-05-16 00:00:23,694 - 
检查信号: Shibor_2W
2025-05-16 00:00:23,704 - 文件 Shibor.csv 数据完整
2025-05-16 00:00:23,704 - 信号 Shibor_2W 检查完成，状态: normal

2025-05-16 00:00:23,704 - 
检查信号数据: Shibor_2W_45D_9_combine
2025-05-16 00:00:23,704 - 数据路径: D:\Signal\signal_boost\prod\Shibor_2W_45D_9_combine
2025-05-16 00:00:23,997 - 所有工作日数据完整
2025-05-16 00:00:23,997 - 最新数据日期: 2025-05-16
2025-05-16 00:00:23,997 - 信号 Shibor_2W_45D_9_combine 检查完成，状态: normal

2025-05-16 00:00:30,348 - 
检查信号: Shibor_9M
2025-05-16 00:00:30,357 - 文件 Shibor.csv 数据完整
2025-05-16 00:00:30,357 - 信号 Shibor_9M 检查完成，状态: normal

2025-05-16 00:00:30,357 - 
检查信号数据: Shibor_9M_45D_9_combine
2025-05-16 00:00:30,357 - 数据路径: D:\Signal\signal_boost\prod\Shibor_9M_45D_9_combine
2025-05-16 00:00:30,660 - 所有工作日数据完整
2025-05-16 00:00:30,660 - 最新数据日期: 2025-05-16
2025-05-16 00:00:30,660 - 信号 Shibor_9M_45D_9_combine 检查完成，状态: normal

2025-05-16 00:00:36,684 - 
检查信号: Bond_3Y
2025-05-16 00:00:36,694 - 文件 ChinaGovernmentBonds.csv 数据完整
2025-05-16 00:00:36,694 - 信号 Bond_3Y 检查完成，状态: normal

2025-05-16 00:00:36,694 - 
检查信号数据: Bond_3Y_90D_9_combine
2025-05-16 00:00:36,694 - 数据路径: D:\Signal\signal_boost\prod\Bond_3Y_90D_9_combine
2025-05-16 00:00:36,984 - 所有工作日数据完整
2025-05-16 00:00:36,984 - 最新数据日期: 2025-05-16
2025-05-16 00:00:36,984 - 信号 Bond_3Y_90D_9_combine 检查完成，状态: normal

2025-05-16 00:00:43,294 - 
检查信号: Bond_10Y
2025-05-16 00:00:43,304 - 文件 ChinaGovernmentBonds.csv 数据完整
2025-05-16 00:00:43,304 - 信号 Bond_10Y 检查完成，状态: normal

2025-05-16 00:00:43,304 - 
检查信号数据: Bond_10Y_90D_9_combine
2025-05-16 00:00:43,304 - 数据路径: D:\Signal\signal_boost\prod\Bond_10Y_90D_9_combine
2025-05-16 00:00:43,592 - 所有工作日数据完整
2025-05-16 00:00:43,592 - 最新数据日期: 2025-05-16
2025-05-16 00:00:43,592 - 信号 Bond_10Y_90D_9_combine 检查完成，状态: normal

2025-05-16 00:00:49,763 - 
检查信号: USDX
2025-05-16 00:00:49,773 - 文件 UsDollar.csv 数据完整
2025-05-16 00:00:49,773 - 信号 USDX 检查完成，状态: normal

2025-05-16 00:00:49,773 - 
检查信号数据: USDX_120D_9_combine
2025-05-16 00:00:49,773 - 数据路径: D:\Signal\signal_boost\prod\USDX_120D_9_combine
2025-05-16 00:00:50,058 - 所有工作日数据完整
2025-05-16 00:00:50,059 - 最新数据日期: 2025-05-16
2025-05-16 00:00:50,059 - 信号 USDX_120D_9_combine 检查完成，状态: normal

2025-05-16 00:00:56,301 - 
检查信号: TermSpread_9Y
2025-05-16 00:00:56,312 - 文件 ChinaDevelopmentBankBonds.csv 数据完整
2025-05-16 00:00:56,312 - 信号 TermSpread_9Y 检查完成，状态: normal

2025-05-16 00:00:56,312 - 
检查信号数据: TermSpread_9Y_120D_9_combine
2025-05-16 00:00:56,313 - 数据路径: D:\Signal\signal_boost\prod\TermSpread_9Y_120D_9_combine
2025-05-16 00:00:56,588 - 所有工作日数据完整
2025-05-16 00:00:56,588 - 最新数据日期: 2025-05-16
2025-05-16 00:00:56,588 - 信号 TermSpread_9Y_120D_9_combine 检查完成，状态: normal

2025-05-16 00:01:02,745 - 
检查信号: M1M2
2025-05-16 00:01:02,756 - 文件 M1M2.csv 数据完整
2025-05-16 00:01:02,757 - 信号 M1M2 检查完成，状态: normal

2025-05-16 00:01:02,757 - 
检查信号数据: M1M2_90D_9_combine
2025-05-16 00:01:02,757 - 数据路径: D:\Signal\signal_boost\prod\M1M2_90D_9_combine
2025-05-16 00:01:03,034 - 所有工作日数据完整
2025-05-16 00:01:03,035 - 最新数据日期: 2025-05-16
2025-05-16 00:01:03,035 - 信号 M1M2_90D_9_combine 检查完成，状态: normal

2025-05-16 00:01:09,932 - 
检查信号: RelativeVolume_std
2025-05-16 00:01:09,946 - 文件 IndexVolume.csv 数据完整
2025-05-16 00:01:09,946 - 信号 RelativeVolume_std 检查完成，状态: normal

2025-05-16 00:01:09,946 - 
检查信号数据: RelativeVolume_std_20D_9_combine
2025-05-16 00:01:09,946 - 数据路径: D:\Signal\signal_boost\prod\RelativeVolume_std_20D_9_combine
2025-05-16 00:01:10,264 - 所有工作日数据完整
2025-05-16 00:01:10,264 - 最新数据日期: 2025-05-16
2025-05-16 00:01:10,264 - 信号 RelativeVolume_std_20D_9_combine 检查完成，状态: normal

2025-05-16 00:01:15,662 - 
检查信号: RelativeReturn_std
2025-05-16 00:01:15,685 - 文件 index_return.csv 数据完整
2025-05-16 00:01:15,685 - 信号 RelativeReturn_std 检查完成，状态: normal

2025-05-16 00:01:15,685 - 
检查信号数据: RelativeReturn_std_20D_9_combine
2025-05-16 00:01:15,685 - 数据路径: D:\Signal\signal_boost\prod\RelativeReturn_std_20D_9_combine
2025-05-16 00:01:16,010 - 所有工作日数据完整
2025-05-16 00:01:16,011 - 最新数据日期: 2025-05-16
2025-05-16 00:01:16,011 - 信号 RelativeReturn_std_20D_9_combine 检查完成，状态: normal

2025-05-16 00:01:21,496 - 
检查信号: EarningsYield_Reverse
2025-05-16 00:01:21,510 - 文件 ygData.csv 数据完整
2025-05-16 00:01:21,510 - 信号 EarningsYield_Reverse 检查完成，状态: normal

2025-05-16 00:01:21,510 - 
检查信号数据: EarningsYield_Reverse_1D_9_combine
2025-05-16 00:01:21,510 - 数据路径: D:\Signal\signal_boost\prod\EarningsYield_Reverse_1D_9_combine
2025-05-16 00:01:21,822 - 所有工作日数据完整
2025-05-16 00:01:21,822 - 最新数据日期: 2025-05-16
2025-05-16 00:01:21,822 - 信号 EarningsYield_Reverse_1D_9_combine 检查完成，状态: normal

2025-05-16 00:01:27,129 - 
检查信号: Growth
2025-05-16 00:01:27,143 - 文件 ygData.csv 数据完整
2025-05-16 00:01:27,143 - 信号 Growth 检查完成，状态: normal

2025-05-16 00:01:27,143 - 
检查信号数据: Growth_1D_9_combine
2025-05-16 00:01:27,144 - 数据路径: D:\Signal\signal_boost\prod\Growth_1D_9_combine
2025-05-16 00:01:27,457 - 所有工作日数据完整
2025-05-16 00:01:27,457 - 最新数据日期: 2025-05-16
2025-05-16 00:01:27,457 - 信号 Growth_1D_9_combine 检查完成，状态: normal

2025-05-16 00:01:32,819 - 
检查信号: LHBProportion
2025-05-16 00:01:32,827 - 文件 LHB_AMT_proportion.csv 数据完整
2025-05-16 00:01:32,841 - 文件 IndexAmt.csv 数据完整
2025-05-16 00:01:32,842 - 信号 LHBProportion 检查完成，状态: normal

2025-05-16 00:01:32,842 - 
检查信号数据: LHBProportion_1D_9_combine
2025-05-16 00:01:32,842 - 数据路径: D:\Signal\signal_boost\prod\LHBProportion_1D_9_combine
2025-05-16 00:01:33,160 - 所有工作日数据完整
2025-05-16 00:01:33,161 - 最新数据日期: 2025-05-16
2025-05-16 00:01:33,161 - 信号 LHBProportion_1D_9_combine 检查完成，状态: normal

2025-05-16 00:01:38,485 - 
检查信号: NLBP_difference
2025-05-16 00:01:38,494 - 文件 NetLeverageBuying.csv 数据完整
2025-05-16 00:01:38,494 - 信号 NLBP_difference 检查完成，状态: normal

2025-05-16 00:01:38,494 - 
检查信号数据: NLBP_difference_1D_9_combine
2025-05-16 00:01:38,494 - 数据路径: D:\Signal\signal_boost\prod\NLBP_difference_1D_9_combine
2025-05-16 00:01:38,814 - 所有工作日数据完整
2025-05-16 00:01:38,814 - 最新数据日期: 2025-05-16
2025-05-16 00:01:38,814 - 信号 NLBP_difference_1D_9_combine 检查完成，状态: normal

2025-05-16 00:01:44,121 - 
检查信号: LargeOrder_difference
2025-05-16 00:01:44,130 - 文件 LargeOrderInflow.csv 数据完整
2025-05-16 00:01:44,131 - 信号 LargeOrder_difference 检查完成，状态: normal

2025-05-16 00:01:44,131 - 
检查信号数据: LargeOrder_difference_1D_9_combine
2025-05-16 00:01:44,131 - 数据路径: D:\Signal\signal_boost\prod\LargeOrder_difference_1D_9_combine
2025-05-16 00:01:44,419 - 所有工作日数据完整
2025-05-16 00:01:44,419 - 最新数据日期: 2025-05-16
2025-05-16 00:01:44,420 - 信号 LargeOrder_difference_1D_9_combine 检查完成，状态: normal

2025-05-16 00:01:48,725 - 
检查信号: Monthly_effect
2025-05-16 00:01:48,748 - 文件 index_return.csv 数据完整
2025-05-16 00:01:48,748 - 信号 Monthly_effect 检查完成，状态: normal

2025-05-16 00:01:48,748 - 
检查信号数据: Monthly_effect_1D_9_combine
2025-05-16 00:01:48,748 - 数据路径: D:\Signal\signal_boost\prod\Monthly_effect_1D_9_combine
2025-05-16 00:01:49,076 - 所有工作日数据完整
2025-05-16 00:01:49,077 - 最新数据日期: 2025-05-16
2025-05-16 00:01:49,077 - 信号 Monthly_effect_1D_9_combine 检查完成，状态: normal

2025-05-16 00:01:57,820 - 
检查信号: CPI
2025-05-16 00:01:57,831 - 文件 CPI.csv 数据完整
2025-05-16 00:01:57,831 - 信号 CPI 检查完成，状态: normal

2025-05-16 00:01:57,831 - 
检查信号数据: CPI_1D_9_combine
2025-05-16 00:01:57,831 - 数据路径: D:\Signal\signal_boost\prod\CPI_1D_9_combine
2025-05-16 00:01:58,157 - 所有工作日数据完整
2025-05-16 00:01:58,157 - 最新数据日期: 2025-05-16
2025-05-16 00:01:58,157 - 信号 CPI_1D_9_combine 检查完成，状态: normal

2025-05-16 00:02:04,070 - 
检查信号: PPI
2025-05-16 00:02:04,081 - 文件 PPI.csv 数据完整
2025-05-16 00:02:04,081 - 信号 PPI 检查完成，状态: normal

2025-05-16 00:02:04,081 - 
检查信号数据: PPI_1D_9_combine
2025-05-16 00:02:04,081 - 数据路径: D:\Signal\signal_boost\prod\PPI_1D_9_combine
2025-05-16 00:02:04,405 - 所有工作日数据完整
2025-05-16 00:02:04,405 - 最新数据日期: 2025-05-16
2025-05-16 00:02:04,405 - 信号 PPI_1D_9_combine 检查完成，状态: normal

2025-05-16 00:02:10,256 - 
检查信号: PMI
2025-05-16 00:02:10,267 - 文件 PMI.csv 数据完整
2025-05-16 00:02:10,267 - 信号 PMI 检查完成，状态: normal

2025-05-16 00:02:10,267 - 
检查信号数据: PMI_1D_9_combine
2025-05-16 00:02:10,267 - 数据路径: D:\Signal\signal_boost\prod\PMI_1D_9_combine
2025-05-16 00:02:10,591 - 所有工作日数据完整
2025-05-16 00:02:10,591 - 最新数据日期: 2025-05-16
2025-05-16 00:02:10,592 - 信号 PMI_1D_9_combine 检查完成，状态: normal

2025-05-16 00:02:16,403 - 
检查信号: Stock_HL
2025-05-16 00:02:18,851 - 文件 stock_close.csv 数据完整
2025-05-16 00:02:18,851 - 信号 Stock_HL 检查完成，状态: normal

2025-05-16 00:02:18,852 - 
检查信号数据: Stock_HL_1D_9_combine
2025-05-16 00:02:18,852 - 数据路径: D:\Signal\signal_boost\prod\Stock_HL_1D_9_combine
2025-05-16 00:02:19,135 - 所有工作日数据完整
2025-05-16 00:02:19,135 - 最新数据日期: 2025-05-16
2025-05-16 00:02:19,135 - 信号 Stock_HL_1D_9_combine 检查完成，状态: normal

2025-05-16 00:02:47,832 - 
检查信号: Rsi_difference
2025-05-16 00:02:50,141 - 文件 stock_close.csv 数据完整
2025-05-16 00:02:50,141 - 信号 Rsi_difference 检查完成，状态: normal

2025-05-16 00:02:50,141 - 
检查信号数据: Rsi_difference_1D_9_combine
2025-05-16 00:02:50,141 - 数据路径: D:\Signal\signal_boost\prod\Rsi_difference_1D_9_combine
2025-05-16 00:02:50,433 - 所有工作日数据完整
2025-05-16 00:02:50,434 - 最新数据日期: 2025-05-16
2025-05-16 00:02:50,434 - 信号 Rsi_difference_1D_9_combine 检查完成，状态: normal

2025-05-16 00:03:18,770 - 
检查信号: RaisingTrend_proportion
2025-05-16 00:03:21,063 - 文件 stock_close.csv 数据完整
2025-05-16 00:03:21,064 - 信号 RaisingTrend_proportion 检查完成，状态: normal

2025-05-16 00:03:21,064 - 
检查信号数据: RaisingTrend_proportion_1D_9_combine
2025-05-16 00:03:21,064 - 数据路径: D:\Signal\signal_boost\prod\RaisingTrend_proportion_1D_9_combine
2025-05-16 00:03:21,322 - 所有工作日数据完整
2025-05-16 00:03:21,323 - 最新数据日期: 2025-05-16
2025-05-16 00:03:21,323 - 信号 RaisingTrend_proportion_1D_9_combine 检查完成，状态: normal

2025-05-16 00:03:38,156 - 
检查信号: TargetIndex_MACD
2025-05-16 00:03:38,179 - 文件 index_return.csv 数据完整
2025-05-16 00:03:38,179 - 信号 TargetIndex_MACD 检查完成，状态: normal

2025-05-16 00:03:38,179 - 
检查信号数据: TargetIndex_MACD_1D_9_combine
2025-05-16 00:03:38,180 - 数据路径: D:\Signal\signal_boost\prod\TargetIndex_MACD_1D_9_combine
2025-05-16 00:03:38,505 - 所有工作日数据完整
2025-05-16 00:03:38,505 - 最新数据日期: 2025-05-16
2025-05-16 00:03:38,505 - 信号 TargetIndex_MACD_1D_9_combine 检查完成，状态: normal

2025-05-16 00:03:43,843 - 
检查信号: TargetIndex_BBANDS
2025-05-16 00:03:43,866 - 文件 index_return.csv 数据完整
2025-05-16 00:03:43,866 - 信号 TargetIndex_BBANDS 检查完成，状态: normal

2025-05-16 00:03:43,866 - 
检查信号数据: TargetIndex_BBANDS_1D_9_combine
2025-05-16 00:03:43,867 - 数据路径: D:\Signal\signal_boost\prod\TargetIndex_BBANDS_1D_9_combine
2025-05-16 00:03:44,195 - 所有工作日数据完整
2025-05-16 00:03:44,195 - 最新数据日期: 2025-05-16
2025-05-16 00:03:44,195 - 信号 TargetIndex_BBANDS_1D_9_combine 检查完成，状态: normal

2025-05-16 00:03:49,608 - 
检查信号: TargetIndex_MOMENTUM
2025-05-16 00:03:49,631 - 文件 index_return.csv 数据完整
2025-05-16 00:03:49,632 - 信号 TargetIndex_MOMENTUM 检查完成，状态: normal

2025-05-16 00:03:49,632 - 
检查信号数据: TargetIndex_MOMENTUM_1D_9_combine
2025-05-16 00:03:49,632 - 数据路径: D:\Signal\signal_boost\prod\TargetIndex_MOMENTUM_1D_9_combine
2025-05-16 00:03:49,959 - 所有工作日数据完整
2025-05-16 00:03:49,959 - 最新数据日期: 2025-05-16
2025-05-16 00:03:49,959 - 信号 TargetIndex_MOMENTUM_1D_9_combine 检查完成，状态: normal

2025-05-16 00:03:55,327 - 
检查信号: TargetIndex_PSA
2025-05-16 00:03:55,340 - 文件 IndexClose.csv 数据完整
2025-05-16 00:03:55,352 - 文件 IndexHigh.csv 数据完整
2025-05-16 00:03:55,365 - 文件 IndexLow.csv 数据完整
2025-05-16 00:03:55,365 - 信号 TargetIndex_PSA 检查完成，状态: normal

2025-05-16 00:03:55,365 - 
检查信号数据: TargetIndex_PSA_1D_9_combine
2025-05-16 00:03:55,366 - 数据路径: D:\Signal\signal_boost\prod\TargetIndex_PSA_1D_9_combine
2025-05-16 00:03:55,698 - 所有工作日数据完整
2025-05-16 00:03:55,698 - 最新数据日期: 2025-05-16
2025-05-16 00:03:55,698 - 信号 TargetIndex_PSA_1D_9_combine 检查完成，状态: normal

2025-05-16 00:04:01,318 - 
检查信号: TargetIndex_MOMENTUM2
2025-05-16 00:04:01,341 - 文件 index_return.csv 数据完整
2025-05-16 00:04:01,341 - 信号 TargetIndex_MOMENTUM2 检查完成，状态: normal

2025-05-16 00:04:01,341 - 
检查信号数据: TargetIndex_MOMENTUM2_1D_9_combine
2025-05-16 00:04:01,341 - 数据路径: D:\Signal\signal_boost\prod\TargetIndex_MOMENTUM2_1D_9_combine
2025-05-16 00:04:01,666 - 所有工作日数据完整
2025-05-16 00:04:01,666 - 最新数据日期: 2025-05-16
2025-05-16 00:04:01,667 - 信号 TargetIndex_MOMENTUM2_1D_9_combine 检查完成，状态: normal

2025-05-16 00:04:08,424 - 
检查信号: TargetIndex_REVERSE
2025-05-16 00:04:08,447 - 文件 index_return.csv 数据完整
2025-05-16 00:04:08,453 - 文件 vix_timeWeight.csv 数据完整
2025-05-16 00:04:08,453 - 信号 TargetIndex_REVERSE 检查完成，状态: normal

2025-05-16 00:04:08,453 - 
检查信号数据: TargetIndex_REVERSE_1D_9_combine
2025-05-16 00:04:08,453 - 数据路径: D:\Signal\signal_boost\prod\TargetIndex_REVERSE_1D_9_combine
2025-05-16 00:04:08,782 - 所有工作日数据完整
2025-05-16 00:04:08,782 - 最新数据日期: 2025-05-16
2025-05-16 00:04:08,783 - 信号 TargetIndex_REVERSE_1D_9_combine 检查完成，状态: normal

2025-05-16 00:04:15,564 - 
检查信号: Future_difference
2025-05-16 00:04:15,572 - 文件 indexFutureDifference.csv 数据完整
2025-05-16 00:04:15,573 - 信号 Future_difference 检查完成，状态: normal

2025-05-16 00:04:15,573 - 
检查信号数据: Future_difference_1D_9_combine
2025-05-16 00:04:15,573 - 数据路径: D:\Signal\signal_boost\prod\Future_difference_1D_9_combine
2025-05-16 00:04:15,859 - 所有工作日数据完整
2025-05-16 00:04:15,859 - 最新数据日期: 2025-05-16
2025-05-16 00:04:15,859 - 信号 Future_difference_1D_9_combine 检查完成，状态: normal

2025-05-16 00:04:20,854 - 
检查信号: RRScore_difference
2025-05-16 00:04:20,862 - 文件 indexrrScoreDifference.csv 数据完整
2025-05-16 00:04:20,862 - 信号 RRScore_difference 检查完成，状态: normal

2025-05-16 00:04:20,862 - 
检查信号数据: RRScore_difference_1D_9_combine
2025-05-16 00:04:20,862 - 数据路径: D:\Signal\signal_boost\prod\RRScore_difference_1D_9_combine
2025-05-16 00:04:21,156 - 所有工作日数据完整
2025-05-16 00:04:21,156 - 最新数据日期: 2025-05-16
2025-05-16 00:04:21,156 - 信号 RRScore_difference_1D_9_combine 检查完成，状态: normal

